{"C:\\Users\\ronal\\Desktop\\hacktiv8\\z-final-project\\server\\app.js": {"path":"C:\\Users\\ronal\\Desktop\\hacktiv8\\z-final-project\\server\\app.js","statementMap":{"0":{"start":{"line":1,"column":0},"end":{"line":1,"column":26}},"1":{"start":{"line":2,"column":16},"end":{"line":2,"column":34}},"2":{"start":{"line":3,"column":12},"end":{"line":3,"column":21}},"3":{"start":{"line":4,"column":15},"end":{"line":4,"column":40}},"4":{"start":{"line":5,"column":13},"end":{"line":5,"column":28}},"5":{"start":{"line":6,"column":23},"end":{"line":6,"column":58}},"6":{"start":{"line":8,"column":0},"end":{"line":8,"column":15}},"7":{"start":{"line":10,"column":0},"end":{"line":10,"column":47}},"8":{"start":{"line":11,"column":0},"end":{"line":11,"column":23}},"9":{"start":{"line":13,"column":0},"end":{"line":13,"column":15}},"10":{"start":{"line":15,"column":0},"end":{"line":15,"column":19}},"11":{"start":{"line":17,"column":0},"end":{"line":17,"column":20}}},"fnMap":{},"branchMap":{},"s":{"0":1,"1":1,"2":1,"3":1,"4":1,"5":1,"6":1,"7":1,"8":1,"9":1,"10":1,"11":1},"f":{},"b":{},"_coverageSchema":"1a1c01bbd47fc00a2c39e90264f33305004495a9","hash":"6517a85bd97833ead3f276d4099fdd6960d84ccc"}
,"C:\\Users\\ronal\\Desktop\\hacktiv8\\z-final-project\\server\\config\\mongo.js": {"path":"C:\\Users\\ronal\\Desktop\\hacktiv8\\z-final-project\\server\\config\\mongo.js","statementMap":{"0":{"start":{"line":1,"column":0},"end":{"line":1,"column":27}},"1":{"start":{"line":3,"column":42},"end":{"line":3,"column":60}},"2":{"start":{"line":4,"column":12},"end":{"line":4,"column":33}},"3":{"start":{"line":7,"column":15},"end":{"line":13,"column":2}},"4":{"start":{"line":16,"column":17},"end":{"line":16,"column":37}},"5":{"start":{"line":18,"column":0},"end":{"line":18,"column":30}}},"fnMap":{},"branchMap":{},"s":{"0":1,"1":1,"2":1,"3":1,"4":1,"5":1},"f":{},"b":{},"_coverageSchema":"1a1c01bbd47fc00a2c39e90264f33305004495a9","hash":"430afc34337b3d605626b680885d546574bd68fe"}
,"C:\\Users\\ronal\\Desktop\\hacktiv8\\z-final-project\\server\\config\\redis.js": {"path":"C:\\Users\\ronal\\Desktop\\hacktiv8\\z-final-project\\server\\config\\redis.js","statementMap":{"0":{"start":{"line":1,"column":0},"end":{"line":1,"column":27}},"1":{"start":{"line":3,"column":14},"end":{"line":3,"column":32}},"2":{"start":{"line":4,"column":14},"end":{"line":10,"column":2}},"3":{"start":{"line":12,"column":0},"end":{"line":12,"column":23}}},"fnMap":{},"branchMap":{},"s":{"0":1,"1":1,"2":1,"3":1},"f":{},"b":{},"_coverageSchema":"1a1c01bbd47fc00a2c39e90264f33305004495a9","hash":"5dabb0e0dfc0475082577fd01cf6224976c2ee65"}
,"C:\\Users\\ronal\\Desktop\\hacktiv8\\z-final-project\\server\\controllers\\controller.js": {"path":"C:\\Users\\ronal\\Desktop\\hacktiv8\\z-final-project\\server\\controllers\\controller.js","statementMap":{"0":{"start":{"line":1,"column":21},"end":{"line":1,"column":36}},"1":{"start":{"line":2,"column":42},"end":{"line":2,"column":70}},"2":{"start":{"line":3,"column":22},"end":{"line":3,"column":47}},"3":{"start":{"line":4,"column":13},"end":{"line":4,"column":38}},"4":{"start":{"line":5,"column":13},"end":{"line":5,"column":38}},"5":{"start":{"line":6,"column":14},"end":{"line":6,"column":40}},"6":{"start":{"line":7,"column":14},"end":{"line":7,"column":30}},"7":{"start":{"line":8,"column":17},"end":{"line":8,"column":46}},"8":{"start":{"line":13,"column":4},"end":{"line":13,"column":60}},"9":{"start":{"line":18,"column":4},"end":{"line":49,"column":5}},"10":{"start":{"line":19,"column":54},"end":{"line":19,"column":62}},"11":{"start":{"line":21,"column":6},"end":{"line":21,"column":56}},"12":{"start":{"line":21,"column":21},"end":{"line":21,"column":56}},"13":{"start":{"line":22,"column":6},"end":{"line":22,"column":56}},"14":{"start":{"line":22,"column":21},"end":{"line":22,"column":56}},"15":{"start":{"line":23,"column":6},"end":{"line":23,"column":50}},"16":{"start":{"line":23,"column":18},"end":{"line":23,"column":50}},"17":{"start":{"line":24,"column":6},"end":{"line":24,"column":52}},"18":{"start":{"line":24,"column":21},"end":{"line":24,"column":52}},"19":{"start":{"line":27,"column":8},"end":{"line":27,"column":77}},"20":{"start":{"line":28,"column":6},"end":{"line":30,"column":7}},"21":{"start":{"line":29,"column":8},"end":{"line":29,"column":38}},"22":{"start":{"line":32,"column":24},"end":{"line":32,"column":53}},"23":{"start":{"line":33,"column":6},"end":{"line":33,"column":50}},"24":{"start":{"line":33,"column":21},"end":{"line":33,"column":50}},"25":{"start":{"line":35,"column":22},"end":{"line":41,"column":7}},"26":{"start":{"line":43,"column":19},"end":{"line":43,"column":48}},"27":{"start":{"line":44,"column":6},"end":{"line":44,"column":36}},"28":{"start":{"line":46,"column":6},"end":{"line":46,"column":56}},"29":{"start":{"line":48,"column":6},"end":{"line":48,"column":18}},"30":{"start":{"line":52,"column":4},"end":{"line":72,"column":5}},"31":{"start":{"line":53,"column":34},"end":{"line":53,"column":42}},"32":{"start":{"line":55,"column":6},"end":{"line":55,"column":50}},"33":{"start":{"line":55,"column":18},"end":{"line":55,"column":50}},"34":{"start":{"line":56,"column":6},"end":{"line":56,"column":52}},"35":{"start":{"line":56,"column":21},"end":{"line":56,"column":52}},"36":{"start":{"line":58,"column":19},"end":{"line":58,"column":48}},"37":{"start":{"line":59,"column":6},"end":{"line":59,"column":48}},"38":{"start":{"line":59,"column":17},"end":{"line":59,"column":48}},"39":{"start":{"line":61,"column":24},"end":{"line":61,"column":64}},"40":{"start":{"line":62,"column":6},"end":{"line":62,"column":53}},"41":{"start":{"line":62,"column":22},"end":{"line":62,"column":53}},"42":{"start":{"line":64,"column":22},"end":{"line":64,"column":38}},"43":{"start":{"line":65,"column":20},"end":{"line":65,"column":38}},"44":{"start":{"line":67,"column":6},"end":{"line":69,"column":76}},"45":{"start":{"line":71,"column":6},"end":{"line":71,"column":18}},"46":{"start":{"line":75,"column":4},"end":{"line":90,"column":5}},"47":{"start":{"line":76,"column":21},"end":{"line":76,"column":33}},"48":{"start":{"line":77,"column":29},"end":{"line":77,"column":37}},"49":{"start":{"line":79,"column":6},"end":{"line":79,"column":56}},"50":{"start":{"line":79,"column":23},"end":{"line":79,"column":56}},"51":{"start":{"line":81,"column":24},"end":{"line":83,"column":7}},"52":{"start":{"line":85,"column":6},"end":{"line":85,"column":49}},"53":{"start":{"line":87,"column":6},"end":{"line":87,"column":42}},"54":{"start":{"line":89,"column":6},"end":{"line":89,"column":18}},"55":{"start":{"line":95,"column":19},"end":{"line":95,"column":31}},"56":{"start":{"line":97,"column":19},"end":{"line":97,"column":50}},"57":{"start":{"line":99,"column":4},"end":{"line":99,"column":33}},"58":{"start":{"line":104,"column":4},"end":{"line":130,"column":5}},"59":{"start":{"line":105,"column":40},"end":{"line":105,"column":48}},"60":{"start":{"line":106,"column":23},"end":{"line":106,"column":57}},"61":{"start":{"line":108,"column":6},"end":{"line":108,"column":56}},"62":{"start":{"line":108,"column":21},"end":{"line":108,"column":56}},"63":{"start":{"line":109,"column":6},"end":{"line":109,"column":62}},"64":{"start":{"line":109,"column":24},"end":{"line":109,"column":62}},"65":{"start":{"line":110,"column":6},"end":{"line":110,"column":52}},"66":{"start":{"line":110,"column":21},"end":{"line":110,"column":52}},"67":{"start":{"line":112,"column":22},"end":{"line":120,"column":7}},"68":{"start":{"line":122,"column":21},"end":{"line":122,"column":50}},"69":{"start":{"line":123,"column":6},"end":{"line":123,"column":38}},"70":{"start":{"line":125,"column":6},"end":{"line":125,"column":31}},"71":{"start":{"line":127,"column":6},"end":{"line":127,"column":65}},"72":{"start":{"line":129,"column":6},"end":{"line":129,"column":18}},"73":{"start":{"line":133,"column":22},"end":{"line":133,"column":46}},"74":{"start":{"line":134,"column":4},"end":{"line":145,"column":5}},"75":{"start":{"line":135,"column":6},"end":{"line":135,"column":32}},"76":{"start":{"line":136,"column":19},"end":{"line":136,"column":40}},"77":{"start":{"line":138,"column":6},"end":{"line":138,"column":49}},"78":{"start":{"line":139,"column":6},"end":{"line":139,"column":33}},"79":{"start":{"line":141,"column":20},"end":{"line":141,"column":40}},"80":{"start":{"line":142,"column":6},"end":{"line":142,"column":54}},"81":{"start":{"line":144,"column":6},"end":{"line":144,"column":34}},"82":{"start":{"line":148,"column":4},"end":{"line":158,"column":5}},"83":{"start":{"line":149,"column":21},"end":{"line":149,"column":31}},"84":{"start":{"line":150,"column":6},"end":{"line":150,"column":42}},"85":{"start":{"line":150,"column":15},"end":{"line":150,"column":42}},"86":{"start":{"line":151,"column":21},"end":{"line":151,"column":48}},"87":{"start":{"line":153,"column":6},"end":{"line":153,"column":31}},"88":{"start":{"line":155,"column":6},"end":{"line":155,"column":35}},"89":{"start":{"line":157,"column":6},"end":{"line":157,"column":18}},"90":{"start":{"line":161,"column":4},"end":{"line":171,"column":5}},"91":{"start":{"line":162,"column":21},"end":{"line":162,"column":31}},"92":{"start":{"line":163,"column":23},"end":{"line":163,"column":40}},"93":{"start":{"line":165,"column":6},"end":{"line":165,"column":53}},"94":{"start":{"line":166,"column":6},"end":{"line":166,"column":31}},"95":{"start":{"line":168,"column":6},"end":{"line":168,"column":54}},"96":{"start":{"line":170,"column":6},"end":{"line":170,"column":18}},"97":{"start":{"line":174,"column":4},"end":{"line":184,"column":5}},"98":{"start":{"line":175,"column":21},"end":{"line":175,"column":31}},"99":{"start":{"line":176,"column":23},"end":{"line":176,"column":40}},"100":{"start":{"line":178,"column":6},"end":{"line":178,"column":56}},"101":{"start":{"line":179,"column":6},"end":{"line":179,"column":31}},"102":{"start":{"line":181,"column":6},"end":{"line":181,"column":56}},"103":{"start":{"line":183,"column":6},"end":{"line":183,"column":18}},"104":{"start":{"line":187,"column":4},"end":{"line":197,"column":5}},"105":{"start":{"line":188,"column":21},"end":{"line":188,"column":31}},"106":{"start":{"line":189,"column":23},"end":{"line":189,"column":40}},"107":{"start":{"line":191,"column":6},"end":{"line":191,"column":56}},"108":{"start":{"line":192,"column":6},"end":{"line":192,"column":31}},"109":{"start":{"line":194,"column":6},"end":{"line":194,"column":57}},"110":{"start":{"line":196,"column":6},"end":{"line":196,"column":18}},"111":{"start":{"line":200,"column":4},"end":{"line":209,"column":5}},"112":{"start":{"line":201,"column":21},"end":{"line":201,"column":31}},"113":{"start":{"line":203,"column":6},"end":{"line":203,"column":32}},"114":{"start":{"line":204,"column":6},"end":{"line":204,"column":31}},"115":{"start":{"line":206,"column":6},"end":{"line":206,"column":56}},"116":{"start":{"line":208,"column":6},"end":{"line":208,"column":18}},"117":{"start":{"line":214,"column":26},"end":{"line":214,"column":34}},"118":{"start":{"line":215,"column":20},"end":{"line":215,"column":30}},"119":{"start":{"line":217,"column":20},"end":{"line":228,"column":5}},"120":{"start":{"line":229,"column":4},"end":{"line":262,"column":5}},"121":{"start":{"line":230,"column":23},"end":{"line":230,"column":51}},"122":{"start":{"line":231,"column":21},"end":{"line":231,"column":55}},"123":{"start":{"line":233,"column":6},"end":{"line":240,"column":7}},"124":{"start":{"line":239,"column":8},"end":{"line":239,"column":35}},"125":{"start":{"line":242,"column":28},"end":{"line":242,"column":44}},"126":{"start":{"line":243,"column":26},"end":{"line":243,"column":56}},"127":{"start":{"line":244,"column":25},"end":{"line":244,"column":45}},"128":{"start":{"line":245,"column":23},"end":{"line":245,"column":53}},"129":{"start":{"line":246,"column":27},"end":{"line":246,"column":55}},"130":{"start":{"line":248,"column":26},"end":{"line":254,"column":7}},"131":{"start":{"line":256,"column":18},"end":{"line":256,"column":57}},"132":{"start":{"line":257,"column":6},"end":{"line":257,"column":39}},"133":{"start":{"line":259,"column":6},"end":{"line":259,"column":71}},"134":{"start":{"line":261,"column":6},"end":{"line":261,"column":18}},"135":{"start":{"line":265,"column":19},"end":{"line":265,"column":31}},"136":{"start":{"line":266,"column":21},"end":{"line":266,"column":56}},"137":{"start":{"line":268,"column":4},"end":{"line":268,"column":35}},"138":{"start":{"line":271,"column":4},"end":{"line":279,"column":5}},"139":{"start":{"line":272,"column":21},"end":{"line":272,"column":31}},"140":{"start":{"line":273,"column":6},"end":{"line":273,"column":45}},"141":{"start":{"line":273,"column":15},"end":{"line":273,"column":45}},"142":{"start":{"line":274,"column":6},"end":{"line":274,"column":40}},"143":{"start":{"line":276,"column":6},"end":{"line":276,"column":60}},"144":{"start":{"line":278,"column":6},"end":{"line":278,"column":18}},"145":{"start":{"line":284,"column":26},"end":{"line":284,"column":34}},"146":{"start":{"line":285,"column":20},"end":{"line":296,"column":5}},"147":{"start":{"line":297,"column":4},"end":{"line":303,"column":5}},"148":{"start":{"line":298,"column":6},"end":{"line":298,"column":49}},"149":{"start":{"line":298,"column":22},"end":{"line":298,"column":49}},"150":{"start":{"line":299,"column":23},"end":{"line":299,"column":51}},"151":{"start":{"line":300,"column":6},"end":{"line":300,"column":37}},"152":{"start":{"line":302,"column":6},"end":{"line":302,"column":18}},"153":{"start":{"line":308,"column":22},"end":{"line":308,"column":30}},"154":{"start":{"line":309,"column":20},"end":{"line":331,"column":5}},"155":{"start":{"line":332,"column":4},"end":{"line":341,"column":5}},"156":{"start":{"line":333,"column":6},"end":{"line":333,"column":45}},"157":{"start":{"line":333,"column":18},"end":{"line":333,"column":45}},"158":{"start":{"line":337,"column":10},"end":{"line":337,"column":38}},"159":{"start":{"line":338,"column":6},"end":{"line":338,"column":39}},"160":{"start":{"line":340,"column":6},"end":{"line":340,"column":18}},"161":{"start":{"line":345,"column":0},"end":{"line":345,"column":28}}},"fnMap":{"0":{"name":"(anonymous_0)","decl":{"start":{"line":12,"column":2},"end":{"line":12,"column":3}},"loc":{"start":{"line":12,"column":36},"end":{"line":14,"column":3}},"line":12},"1":{"name":"(anonymous_1)","decl":{"start":{"line":17,"column":2},"end":{"line":17,"column":3}},"loc":{"start":{"line":17,"column":40},"end":{"line":50,"column":3}},"line":17},"2":{"name":"(anonymous_2)","decl":{"start":{"line":51,"column":2},"end":{"line":51,"column":3}},"loc":{"start":{"line":51,"column":37},"end":{"line":73,"column":3}},"line":51},"3":{"name":"(anonymous_3)","decl":{"start":{"line":74,"column":2},"end":{"line":74,"column":3}},"loc":{"start":{"line":74,"column":48},"end":{"line":91,"column":3}},"line":74},"4":{"name":"(anonymous_4)","decl":{"start":{"line":94,"column":2},"end":{"line":94,"column":3}},"loc":{"start":{"line":94,"column":43},"end":{"line":100,"column":3}},"line":94},"5":{"name":"(anonymous_5)","decl":{"start":{"line":103,"column":2},"end":{"line":103,"column":3}},"loc":{"start":{"line":103,"column":42},"end":{"line":131,"column":3}},"line":103},"6":{"name":"(anonymous_6)","decl":{"start":{"line":132,"column":2},"end":{"line":132,"column":3}},"loc":{"start":{"line":132,"column":40},"end":{"line":146,"column":3}},"line":132},"7":{"name":"(anonymous_7)","decl":{"start":{"line":147,"column":2},"end":{"line":147,"column":3}},"loc":{"start":{"line":147,"column":44},"end":{"line":159,"column":3}},"line":147},"8":{"name":"(anonymous_8)","decl":{"start":{"line":160,"column":2},"end":{"line":160,"column":3}},"loc":{"start":{"line":160,"column":40},"end":{"line":172,"column":3}},"line":160},"9":{"name":"(anonymous_9)","decl":{"start":{"line":173,"column":2},"end":{"line":173,"column":3}},"loc":{"start":{"line":173,"column":42},"end":{"line":185,"column":3}},"line":173},"10":{"name":"(anonymous_10)","decl":{"start":{"line":186,"column":2},"end":{"line":186,"column":3}},"loc":{"start":{"line":186,"column":43},"end":{"line":198,"column":3}},"line":186},"11":{"name":"(anonymous_11)","decl":{"start":{"line":199,"column":2},"end":{"line":199,"column":3}},"loc":{"start":{"line":199,"column":42},"end":{"line":210,"column":3}},"line":199},"12":{"name":"(anonymous_12)","decl":{"start":{"line":213,"column":2},"end":{"line":213,"column":3}},"loc":{"start":{"line":213,"column":43},"end":{"line":263,"column":3}},"line":213},"13":{"name":"(anonymous_13)","decl":{"start":{"line":264,"column":2},"end":{"line":264,"column":3}},"loc":{"start":{"line":264,"column":44},"end":{"line":269,"column":3}},"line":264},"14":{"name":"(anonymous_14)","decl":{"start":{"line":270,"column":2},"end":{"line":270,"column":3}},"loc":{"start":{"line":270,"column":46},"end":{"line":280,"column":3}},"line":270},"15":{"name":"(anonymous_15)","decl":{"start":{"line":283,"column":2},"end":{"line":283,"column":3}},"loc":{"start":{"line":283,"column":36},"end":{"line":304,"column":3}},"line":283},"16":{"name":"(anonymous_16)","decl":{"start":{"line":307,"column":2},"end":{"line":307,"column":3}},"loc":{"start":{"line":307,"column":34},"end":{"line":342,"column":3}},"line":307}},"branchMap":{"0":{"loc":{"start":{"line":21,"column":6},"end":{"line":21,"column":56}},"type":"if","locations":[{"start":{"line":21,"column":6},"end":{"line":21,"column":56}},{"start":{},"end":{}}],"line":21},"1":{"loc":{"start":{"line":22,"column":6},"end":{"line":22,"column":56}},"type":"if","locations":[{"start":{"line":22,"column":6},"end":{"line":22,"column":56}},{"start":{},"end":{}}],"line":22},"2":{"loc":{"start":{"line":23,"column":6},"end":{"line":23,"column":50}},"type":"if","locations":[{"start":{"line":23,"column":6},"end":{"line":23,"column":50}},{"start":{},"end":{}}],"line":23},"3":{"loc":{"start":{"line":24,"column":6},"end":{"line":24,"column":52}},"type":"if","locations":[{"start":{"line":24,"column":6},"end":{"line":24,"column":52}},{"start":{},"end":{}}],"line":24},"4":{"loc":{"start":{"line":28,"column":6},"end":{"line":30,"column":7}},"type":"if","locations":[{"start":{"line":28,"column":6},"end":{"line":30,"column":7}},{"start":{},"end":{}}],"line":28},"5":{"loc":{"start":{"line":33,"column":6},"end":{"line":33,"column":50}},"type":"if","locations":[{"start":{"line":33,"column":6},"end":{"line":33,"column":50}},{"start":{},"end":{}}],"line":33},"6":{"loc":{"start":{"line":55,"column":6},"end":{"line":55,"column":50}},"type":"if","locations":[{"start":{"line":55,"column":6},"end":{"line":55,"column":50}},{"start":{},"end":{}}],"line":55},"7":{"loc":{"start":{"line":56,"column":6},"end":{"line":56,"column":52}},"type":"if","locations":[{"start":{"line":56,"column":6},"end":{"line":56,"column":52}},{"start":{},"end":{}}],"line":56},"8":{"loc":{"start":{"line":59,"column":6},"end":{"line":59,"column":48}},"type":"if","locations":[{"start":{"line":59,"column":6},"end":{"line":59,"column":48}},{"start":{},"end":{}}],"line":59},"9":{"loc":{"start":{"line":62,"column":6},"end":{"line":62,"column":53}},"type":"if","locations":[{"start":{"line":62,"column":6},"end":{"line":62,"column":53}},{"start":{},"end":{}}],"line":62},"10":{"loc":{"start":{"line":79,"column":6},"end":{"line":79,"column":56}},"type":"if","locations":[{"start":{"line":79,"column":6},"end":{"line":79,"column":56}},{"start":{},"end":{}}],"line":79},"11":{"loc":{"start":{"line":108,"column":6},"end":{"line":108,"column":56}},"type":"if","locations":[{"start":{"line":108,"column":6},"end":{"line":108,"column":56}},{"start":{},"end":{}}],"line":108},"12":{"loc":{"start":{"line":109,"column":6},"end":{"line":109,"column":62}},"type":"if","locations":[{"start":{"line":109,"column":6},"end":{"line":109,"column":62}},{"start":{},"end":{}}],"line":109},"13":{"loc":{"start":{"line":110,"column":6},"end":{"line":110,"column":52}},"type":"if","locations":[{"start":{"line":110,"column":6},"end":{"line":110,"column":52}},{"start":{},"end":{}}],"line":110},"14":{"loc":{"start":{"line":134,"column":4},"end":{"line":145,"column":5}},"type":"if","locations":[{"start":{"line":134,"column":4},"end":{"line":145,"column":5}},{"start":{"line":140,"column":11},"end":{"line":145,"column":5}}],"line":134},"15":{"loc":{"start":{"line":150,"column":6},"end":{"line":150,"column":42}},"type":"if","locations":[{"start":{"line":150,"column":6},"end":{"line":150,"column":42}},{"start":{},"end":{}}],"line":150},"16":{"loc":{"start":{"line":233,"column":6},"end":{"line":240,"column":7}},"type":"if","locations":[{"start":{"line":233,"column":6},"end":{"line":240,"column":7}},{"start":{},"end":{}}],"line":233},"17":{"loc":{"start":{"line":234,"column":8},"end":{"line":237,"column":33}},"type":"binary-expr","locations":[{"start":{"line":234,"column":8},"end":{"line":234,"column":20}},{"start":{"line":235,"column":8},"end":{"line":235,"column":32}},{"start":{"line":236,"column":8},"end":{"line":236,"column":15}},{"start":{"line":237,"column":8},"end":{"line":237,"column":33}}],"line":234},"18":{"loc":{"start":{"line":273,"column":6},"end":{"line":273,"column":45}},"type":"if","locations":[{"start":{"line":273,"column":6},"end":{"line":273,"column":45}},{"start":{},"end":{}}],"line":273},"19":{"loc":{"start":{"line":298,"column":6},"end":{"line":298,"column":49}},"type":"if","locations":[{"start":{"line":298,"column":6},"end":{"line":298,"column":49}},{"start":{},"end":{}}],"line":298},"20":{"loc":{"start":{"line":333,"column":6},"end":{"line":333,"column":45}},"type":"if","locations":[{"start":{"line":333,"column":6},"end":{"line":333,"column":45}},{"start":{},"end":{}}],"line":333}},"s":{"0":1,"1":1,"2":1,"3":1,"4":1,"5":1,"6":1,"7":1,"8":1,"9":7,"10":7,"11":7,"12":1,"13":6,"14":1,"15":5,"16":1,"17":4,"18":1,"19":3,"20":3,"21":1,"22":2,"23":2,"24":1,"25":1,"26":1,"27":1,"28":1,"29":6,"30":2,"31":2,"32":2,"33":0,"34":2,"35":0,"36":2,"37":2,"38":0,"39":2,"40":2,"41":1,"42":1,"43":1,"44":1,"45":1,"46":2,"47":2,"48":2,"49":2,"50":1,"51":1,"52":1,"53":1,"54":1,"55":1,"56":1,"57":1,"58":3,"59":3,"60":3,"61":3,"62":1,"63":2,"64":1,"65":1,"66":0,"67":1,"68":1,"69":1,"70":1,"71":1,"72":2,"73":2,"74":2,"75":0,"76":0,"77":0,"78":0,"79":2,"80":2,"81":2,"82":2,"83":2,"84":2,"85":0,"86":2,"87":1,"88":1,"89":1,"90":2,"91":2,"92":2,"93":2,"94":1,"95":1,"96":1,"97":2,"98":2,"99":2,"100":2,"101":1,"102":1,"103":1,"104":2,"105":2,"106":2,"107":2,"108":1,"109":1,"110":1,"111":1,"112":1,"113":1,"114":1,"115":1,"116":0,"117":2,"118":2,"119":2,"120":2,"121":2,"122":2,"123":2,"124":1,"125":0,"126":0,"127":0,"128":0,"129":0,"130":0,"131":0,"132":0,"133":0,"134":2,"135":1,"136":1,"137":1,"138":2,"139":2,"140":2,"141":0,"142":2,"143":1,"144":1,"145":2,"146":2,"147":2,"148":2,"149":1,"150":1,"151":1,"152":1,"153":2,"154":2,"155":2,"156":2,"157":1,"158":1,"159":0,"160":2,"161":1},"f":{"0":1,"1":7,"2":2,"3":2,"4":1,"5":3,"6":2,"7":2,"8":2,"9":2,"10":2,"11":1,"12":2,"13":1,"14":2,"15":2,"16":2},"b":{"0":[1,6],"1":[1,5],"2":[1,4],"3":[1,3],"4":[1,2],"5":[1,1],"6":[0,2],"7":[0,2],"8":[0,2],"9":[1,1],"10":[1,1],"11":[1,2],"12":[1,1],"13":[0,1],"14":[0,2],"15":[0,2],"16":[1,0],"17":[2,0,0,0],"18":[0,2],"19":[1,1],"20":[1,1]},"_coverageSchema":"1a1c01bbd47fc00a2c39e90264f33305004495a9","hash":"c89ea22dee01d47319728e6bbdda5bf581dccccc"}
,"C:\\Users\\ronal\\Desktop\\hacktiv8\\z-final-project\\server\\helpers\\bcrypt.js": {"path":"C:\\Users\\ronal\\Desktop\\hacktiv8\\z-final-project\\server\\helpers\\bcrypt.js","statementMap":{"0":{"start":{"line":1,"column":15},"end":{"line":1,"column":32}},"1":{"start":{"line":4,"column":15},"end":{"line":4,"column":64}},"2":{"start":{"line":5,"column":2},"end":{"line":5,"column":14}},"3":{"start":{"line":9,"column":18},"end":{"line":9,"column":60}},"4":{"start":{"line":10,"column":2},"end":{"line":10,"column":17}},"5":{"start":{"line":13,"column":0},"end":{"line":16,"column":2}}},"fnMap":{"0":{"name":"hashPassword","decl":{"start":{"line":3,"column":9},"end":{"line":3,"column":21}},"loc":{"start":{"line":3,"column":32},"end":{"line":6,"column":1}},"line":3},"1":{"name":"comparePassword","decl":{"start":{"line":8,"column":9},"end":{"line":8,"column":24}},"loc":{"start":{"line":8,"column":49},"end":{"line":11,"column":1}},"line":8}},"branchMap":{},"s":{"0":1,"1":3,"2":3,"3":2,"4":2,"5":1},"f":{"0":3,"1":2},"b":{},"_coverageSchema":"1a1c01bbd47fc00a2c39e90264f33305004495a9","hash":"2a1573e933f762efd8c765340742061a653553c7"}
,"C:\\Users\\ronal\\Desktop\\hacktiv8\\z-final-project\\server\\helpers\\jwt.js": {"path":"C:\\Users\\ronal\\Desktop\\hacktiv8\\z-final-project\\server\\helpers\\jwt.js","statementMap":{"0":{"start":{"line":1,"column":12},"end":{"line":1,"column":35}},"1":{"start":{"line":2,"column":15},"end":{"line":2,"column":37}},"2":{"start":{"line":5,"column":16},"end":{"line":5,"column":38}},"3":{"start":{"line":6,"column":2},"end":{"line":6,"column":15}},"4":{"start":{"line":10,"column":15},"end":{"line":10,"column":40}},"5":{"start":{"line":11,"column":2},"end":{"line":11,"column":14}},"6":{"start":{"line":14,"column":0},"end":{"line":17,"column":2}}},"fnMap":{"0":{"name":"signToken","decl":{"start":{"line":4,"column":9},"end":{"line":4,"column":18}},"loc":{"start":{"line":4,"column":25},"end":{"line":7,"column":1}},"line":4},"1":{"name":"verifyToken","decl":{"start":{"line":9,"column":9},"end":{"line":9,"column":20}},"loc":{"start":{"line":9,"column":28},"end":{"line":12,"column":1}},"line":9}},"branchMap":{},"s":{"0":1,"1":1,"2":3,"3":3,"4":23,"5":23,"6":1},"f":{"0":3,"1":23},"b":{},"_coverageSchema":"1a1c01bbd47fc00a2c39e90264f33305004495a9","hash":"ef05b85ddecaffe7dfb7bc731532228152409e6e"}
,"C:\\Users\\ronal\\Desktop\\hacktiv8\\z-final-project\\server\\middlewares\\authentication.js": {"path":"C:\\Users\\ronal\\Desktop\\hacktiv8\\z-final-project\\server\\middlewares\\authentication.js","statementMap":{"0":{"start":{"line":1,"column":24},"end":{"line":1,"column":49}},"1":{"start":{"line":2,"column":13},"end":{"line":2,"column":38}},"2":{"start":{"line":4,"column":23},"end":{"line":28,"column":1}},"3":{"start":{"line":5,"column":2},"end":{"line":27,"column":3}},"4":{"start":{"line":7,"column":30},"end":{"line":7,"column":41}},"5":{"start":{"line":8,"column":4},"end":{"line":8,"column":55}},"6":{"start":{"line":8,"column":24},"end":{"line":8,"column":55}},"7":{"start":{"line":11,"column":26},"end":{"line":11,"column":50}},"8":{"start":{"line":12,"column":4},"end":{"line":12,"column":58}},"9":{"start":{"line":12,"column":27},"end":{"line":12,"column":58}},"10":{"start":{"line":15,"column":19},"end":{"line":15,"column":37}},"11":{"start":{"line":18,"column":17},"end":{"line":18,"column":40}},"12":{"start":{"line":19,"column":4},"end":{"line":19,"column":46}},"13":{"start":{"line":19,"column":15},"end":{"line":19,"column":46}},"14":{"start":{"line":21,"column":4},"end":{"line":21,"column":20}},"15":{"start":{"line":24,"column":4},"end":{"line":24,"column":11}},"16":{"start":{"line":26,"column":4},"end":{"line":26,"column":16}},"17":{"start":{"line":30,"column":0},"end":{"line":30,"column":32}}},"fnMap":{"0":{"name":"(anonymous_0)","decl":{"start":{"line":4,"column":23},"end":{"line":4,"column":24}},"loc":{"start":{"line":4,"column":49},"end":{"line":28,"column":1}},"line":4}},"branchMap":{"0":{"loc":{"start":{"line":8,"column":4},"end":{"line":8,"column":55}},"type":"if","locations":[{"start":{"line":8,"column":4},"end":{"line":8,"column":55}},{"start":{},"end":{}}],"line":8},"1":{"loc":{"start":{"line":12,"column":4},"end":{"line":12,"column":58}},"type":"if","locations":[{"start":{"line":12,"column":4},"end":{"line":12,"column":58}},{"start":{},"end":{}}],"line":12},"2":{"loc":{"start":{"line":19,"column":4},"end":{"line":19,"column":46}},"type":"if","locations":[{"start":{"line":19,"column":4},"end":{"line":19,"column":46}},{"start":{},"end":{}}],"line":19}},"s":{"0":1,"1":1,"2":1,"3":25,"4":25,"5":25,"6":1,"7":24,"8":24,"9":1,"10":23,"11":23,"12":23,"13":1,"14":22,"15":22,"16":3,"17":1},"f":{"0":25},"b":{"0":[1,24],"1":[1,23],"2":[1,22]},"_coverageSchema":"1a1c01bbd47fc00a2c39e90264f33305004495a9","hash":"737aa755cf7de3686130e56c905299700591a94a"}
,"C:\\Users\\ronal\\Desktop\\hacktiv8\\z-final-project\\server\\middlewares\\errHandler.js": {"path":"C:\\Users\\ronal\\Desktop\\hacktiv8\\z-final-project\\server\\middlewares\\errHandler.js","statementMap":{"0":{"start":{"line":1,"column":19},"end":{"line":47,"column":1}},"1":{"start":{"line":2,"column":2},"end":{"line":46,"column":3}},"2":{"start":{"line":4,"column":6},"end":{"line":4,"column":61}},"3":{"start":{"line":5,"column":6},"end":{"line":5,"column":12}},"4":{"start":{"line":7,"column":6},"end":{"line":7,"column":64}},"5":{"start":{"line":8,"column":6},"end":{"line":8,"column":12}},"6":{"start":{"line":10,"column":6},"end":{"line":10,"column":65}},"7":{"start":{"line":11,"column":6},"end":{"line":11,"column":12}},"8":{"start":{"line":13,"column":6},"end":{"line":13,"column":64}},"9":{"start":{"line":14,"column":6},"end":{"line":14,"column":12}},"10":{"start":{"line":16,"column":6},"end":{"line":16,"column":66}},"11":{"start":{"line":17,"column":6},"end":{"line":17,"column":12}},"12":{"start":{"line":19,"column":6},"end":{"line":19,"column":65}},"13":{"start":{"line":20,"column":6},"end":{"line":20,"column":12}},"14":{"start":{"line":22,"column":6},"end":{"line":22,"column":67}},"15":{"start":{"line":23,"column":6},"end":{"line":23,"column":12}},"16":{"start":{"line":25,"column":6},"end":{"line":27,"column":74}},"17":{"start":{"line":28,"column":6},"end":{"line":28,"column":12}},"18":{"start":{"line":30,"column":6},"end":{"line":30,"column":64}},"19":{"start":{"line":31,"column":6},"end":{"line":31,"column":12}},"20":{"start":{"line":33,"column":6},"end":{"line":33,"column":66}},"21":{"start":{"line":34,"column":6},"end":{"line":34,"column":12}},"22":{"start":{"line":36,"column":6},"end":{"line":36,"column":58}},"23":{"start":{"line":37,"column":6},"end":{"line":37,"column":12}},"24":{"start":{"line":40,"column":6},"end":{"line":40,"column":57}},"25":{"start":{"line":41,"column":6},"end":{"line":41,"column":12}},"26":{"start":{"line":43,"column":6},"end":{"line":43,"column":23}},"27":{"start":{"line":44,"column":6},"end":{"line":44,"column":65}},"28":{"start":{"line":45,"column":6},"end":{"line":45,"column":12}},"29":{"start":{"line":49,"column":0},"end":{"line":49,"column":32}}},"fnMap":{"0":{"name":"(anonymous_0)","decl":{"start":{"line":1,"column":19},"end":{"line":1,"column":20}},"loc":{"start":{"line":1,"column":44},"end":{"line":47,"column":1}},"line":1}},"branchMap":{"0":{"loc":{"start":{"line":2,"column":2},"end":{"line":46,"column":3}},"type":"switch","locations":[{"start":{"line":3,"column":4},"end":{"line":5,"column":12}},{"start":{"line":6,"column":4},"end":{"line":8,"column":12}},{"start":{"line":9,"column":4},"end":{"line":11,"column":12}},{"start":{"line":12,"column":4},"end":{"line":14,"column":12}},{"start":{"line":15,"column":4},"end":{"line":17,"column":12}},{"start":{"line":18,"column":4},"end":{"line":20,"column":12}},{"start":{"line":21,"column":4},"end":{"line":23,"column":12}},{"start":{"line":24,"column":4},"end":{"line":28,"column":12}},{"start":{"line":29,"column":4},"end":{"line":31,"column":12}},{"start":{"line":32,"column":4},"end":{"line":34,"column":12}},{"start":{"line":35,"column":4},"end":{"line":37,"column":12}},{"start":{"line":38,"column":4},"end":{"line":38,"column":24}},{"start":{"line":39,"column":4},"end":{"line":41,"column":12}},{"start":{"line":42,"column":4},"end":{"line":45,"column":12}}],"line":2}},"s":{"0":1,"1":23,"2":1,"3":1,"4":1,"5":1,"6":1,"7":1,"8":1,"9":1,"10":1,"11":1,"12":1,"13":1,"14":1,"15":1,"16":1,"17":1,"18":1,"19":1,"20":1,"21":1,"22":3,"23":3,"24":3,"25":3,"26":7,"27":7,"28":7,"29":1},"f":{"0":23},"b":{"0":[1,1,1,1,1,1,1,1,1,1,3,3,3,7]},"_coverageSchema":"1a1c01bbd47fc00a2c39e90264f33305004495a9","hash":"b423abe2afec8f1afb588ee757452d6e7f319e4f"}
,"C:\\Users\\ronal\\Desktop\\hacktiv8\\z-final-project\\server\\models\\favorite.js": {"path":"C:\\Users\\ronal\\Desktop\\hacktiv8\\z-final-project\\server\\models\\favorite.js","statementMap":{"0":{"start":{"line":1,"column":21},"end":{"line":1,"column":47}},"1":{"start":{"line":2,"column":21},"end":{"line":2,"column":39}},"2":{"start":{"line":6,"column":4},"end":{"line":6,"column":44}},"3":{"start":{"line":10,"column":24},"end":{"line":10,"column":74}},"4":{"start":{"line":11,"column":4},"end":{"line":11,"column":23}},"5":{"start":{"line":15,"column":16},"end":{"line":40,"column":5}},"6":{"start":{"line":41,"column":19},"end":{"line":41,"column":59}},"7":{"start":{"line":42,"column":19},"end":{"line":42,"column":41}},"8":{"start":{"line":44,"column":4},"end":{"line":44,"column":18}},"9":{"start":{"line":48,"column":19},"end":{"line":50,"column":6}},"10":{"start":{"line":52,"column":4},"end":{"line":52,"column":18}},"11":{"start":{"line":56,"column":0},"end":{"line":56,"column":26}}},"fnMap":{"0":{"name":"(anonymous_0)","decl":{"start":{"line":5,"column":2},"end":{"line":5,"column":3}},"loc":{"start":{"line":5,"column":30},"end":{"line":7,"column":3}},"line":5},"1":{"name":"(anonymous_1)","decl":{"start":{"line":9,"column":2},"end":{"line":9,"column":3}},"loc":{"start":{"line":9,"column":36},"end":{"line":12,"column":3}},"line":9},"2":{"name":"(anonymous_2)","decl":{"start":{"line":14,"column":2},"end":{"line":14,"column":3}},"loc":{"start":{"line":14,"column":36},"end":{"line":45,"column":3}},"line":14},"3":{"name":"(anonymous_3)","decl":{"start":{"line":47,"column":2},"end":{"line":47,"column":3}},"loc":{"start":{"line":47,"column":34},"end":{"line":53,"column":3}},"line":47}},"branchMap":{},"s":{"0":1,"1":1,"2":3,"3":0,"4":0,"5":1,"6":1,"7":1,"8":1,"9":2,"10":1,"11":1},"f":{"0":3,"1":0,"2":1,"3":2},"b":{},"_coverageSchema":"1a1c01bbd47fc00a2c39e90264f33305004495a9","hash":"b8e5d9ab3c2842f932dc8adc41dfedbebaba6ff6"}
,"C:\\Users\\ronal\\Desktop\\hacktiv8\\z-final-project\\server\\models\\post.js": {"path":"C:\\Users\\ronal\\Desktop\\hacktiv8\\z-final-project\\server\\models\\post.js","statementMap":{"0":{"start":{"line":1,"column":21},"end":{"line":1,"column":47}},"1":{"start":{"line":2,"column":21},"end":{"line":2,"column":39}},"2":{"start":{"line":6,"column":4},"end":{"line":6,"column":40}},"3":{"start":{"line":10,"column":20},"end":{"line":10,"column":66}},"4":{"start":{"line":11,"column":4},"end":{"line":11,"column":19}},"5":{"start":{"line":15,"column":16},"end":{"line":40,"column":5}},"6":{"start":{"line":42,"column":19},"end":{"line":42,"column":55}},"7":{"start":{"line":43,"column":19},"end":{"line":43,"column":41}},"8":{"start":{"line":45,"column":4},"end":{"line":45,"column":18}},"9":{"start":{"line":49,"column":17},"end":{"line":52,"column":5}},"10":{"start":{"line":53,"column":4},"end":{"line":53,"column":15}},"11":{"start":{"line":57,"column":17},"end":{"line":60,"column":5}},"12":{"start":{"line":61,"column":4},"end":{"line":61,"column":15}},"13":{"start":{"line":65,"column":17},"end":{"line":67,"column":6}},"14":{"start":{"line":69,"column":4},"end":{"line":69,"column":16}},"15":{"start":{"line":73,"column":0},"end":{"line":73,"column":22}}},"fnMap":{"0":{"name":"(anonymous_0)","decl":{"start":{"line":5,"column":2},"end":{"line":5,"column":3}},"loc":{"start":{"line":5,"column":26},"end":{"line":7,"column":3}},"line":5},"1":{"name":"(anonymous_1)","decl":{"start":{"line":9,"column":2},"end":{"line":9,"column":3}},"loc":{"start":{"line":9,"column":34},"end":{"line":12,"column":3}},"line":9},"2":{"name":"(anonymous_2)","decl":{"start":{"line":14,"column":2},"end":{"line":14,"column":3}},"loc":{"start":{"line":14,"column":25},"end":{"line":46,"column":3}},"line":14},"3":{"name":"(anonymous_3)","decl":{"start":{"line":48,"column":2},"end":{"line":48,"column":3}},"loc":{"start":{"line":48,"column":38},"end":{"line":54,"column":3}},"line":48},"4":{"name":"(anonymous_4)","decl":{"start":{"line":56,"column":2},"end":{"line":56,"column":3}},"loc":{"start":{"line":56,"column":41},"end":{"line":62,"column":3}},"line":56},"5":{"name":"(anonymous_5)","decl":{"start":{"line":64,"column":2},"end":{"line":64,"column":3}},"loc":{"start":{"line":64,"column":30},"end":{"line":70,"column":3}},"line":64}},"branchMap":{},"s":{"0":1,"1":1,"2":10,"3":1,"4":1,"5":2,"6":2,"7":2,"8":2,"9":4,"10":2,"11":2,"12":1,"13":1,"14":1,"15":1},"f":{"0":10,"1":1,"2":2,"3":4,"4":2,"5":1},"b":{},"_coverageSchema":"1a1c01bbd47fc00a2c39e90264f33305004495a9","hash":"63c9a4a43fb137e5bd8433d125c4393007d429b1"}
,"C:\\Users\\ronal\\Desktop\\hacktiv8\\z-final-project\\server\\models\\user.js": {"path":"C:\\Users\\ronal\\Desktop\\hacktiv8\\z-final-project\\server\\models\\user.js","statementMap":{"0":{"start":{"line":1,"column":21},"end":{"line":1,"column":39}},"1":{"start":{"line":2,"column":21},"end":{"line":2,"column":47}},"2":{"start":{"line":6,"column":4},"end":{"line":6,"column":40}},"3":{"start":{"line":10,"column":17},"end":{"line":12,"column":6}},"4":{"start":{"line":13,"column":4},"end":{"line":13,"column":16}},"5":{"start":{"line":17,"column":20},"end":{"line":17,"column":66}},"6":{"start":{"line":18,"column":4},"end":{"line":18,"column":19}},"7":{"start":{"line":22,"column":17},"end":{"line":24,"column":5}},"8":{"start":{"line":25,"column":4},"end":{"line":25,"column":16}},"9":{"start":{"line":29,"column":17},"end":{"line":32,"column":5}},"10":{"start":{"line":34,"column":4},"end":{"line":34,"column":16}},"11":{"start":{"line":38,"column":16},"end":{"line":57,"column":5}},"12":{"start":{"line":58,"column":19},"end":{"line":58,"column":55}},"13":{"start":{"line":59,"column":19},"end":{"line":59,"column":41}},"14":{"start":{"line":61,"column":4},"end":{"line":61,"column":18}},"15":{"start":{"line":65,"column":0},"end":{"line":65,"column":22}}},"fnMap":{"0":{"name":"(anonymous_0)","decl":{"start":{"line":5,"column":2},"end":{"line":5,"column":3}},"loc":{"start":{"line":5,"column":26},"end":{"line":7,"column":3}},"line":5},"1":{"name":"(anonymous_1)","decl":{"start":{"line":9,"column":2},"end":{"line":9,"column":3}},"loc":{"start":{"line":9,"column":28},"end":{"line":14,"column":3}},"line":9},"2":{"name":"(anonymous_2)","decl":{"start":{"line":16,"column":2},"end":{"line":16,"column":3}},"loc":{"start":{"line":16,"column":34},"end":{"line":19,"column":3}},"line":16},"3":{"name":"(anonymous_3)","decl":{"start":{"line":21,"column":2},"end":{"line":21,"column":3}},"loc":{"start":{"line":21,"column":34},"end":{"line":26,"column":3}},"line":21},"4":{"name":"(anonymous_4)","decl":{"start":{"line":28,"column":2},"end":{"line":28,"column":3}},"loc":{"start":{"line":28,"column":45},"end":{"line":35,"column":3}},"line":28},"5":{"name":"(anonymous_5)","decl":{"start":{"line":37,"column":2},"end":{"line":37,"column":3}},"loc":{"start":{"line":37,"column":32},"end":{"line":62,"column":3}},"line":37}},"branchMap":{},"s":{"0":1,"1":1,"2":31,"3":23,"4":23,"5":1,"6":1,"7":4,"8":4,"9":1,"10":1,"11":3,"12":2,"13":2,"14":2,"15":1},"f":{"0":31,"1":23,"2":1,"3":4,"4":1,"5":3},"b":{},"_coverageSchema":"1a1c01bbd47fc00a2c39e90264f33305004495a9","hash":"80a49b8de72fbd6128b994ec14e707ed9ffc0381"}
,"C:\\Users\\ronal\\Desktop\\hacktiv8\\z-final-project\\server\\routes\\index.js": {"path":"C:\\Users\\ronal\\Desktop\\hacktiv8\\z-final-project\\server\\routes\\index.js","statementMap":{"0":{"start":{"line":1,"column":16},"end":{"line":1,"column":34}},"1":{"start":{"line":2,"column":19},"end":{"line":2,"column":55}},"2":{"start":{"line":3,"column":23},"end":{"line":3,"column":63}},"3":{"start":{"line":4,"column":15},"end":{"line":4,"column":31}},"4":{"start":{"line":7,"column":0},"end":{"line":7,"column":33}},"5":{"start":{"line":10,"column":0},"end":{"line":10,"column":46}},"6":{"start":{"line":11,"column":0},"end":{"line":11,"column":40}},"7":{"start":{"line":12,"column":0},"end":{"line":12,"column":38}},"8":{"start":{"line":13,"column":0},"end":{"line":13,"column":34}},"9":{"start":{"line":14,"column":0},"end":{"line":14,"column":60}},"10":{"start":{"line":15,"column":0},"end":{"line":15,"column":65}},"11":{"start":{"line":16,"column":0},"end":{"line":16,"column":60}},"12":{"start":{"line":17,"column":0},"end":{"line":17,"column":57}},"13":{"start":{"line":19,"column":0},"end":{"line":19,"column":65}},"14":{"start":{"line":20,"column":0},"end":{"line":20,"column":61}},"15":{"start":{"line":21,"column":0},"end":{"line":21,"column":65}},"16":{"start":{"line":22,"column":0},"end":{"line":22,"column":67}},"17":{"start":{"line":23,"column":0},"end":{"line":23,"column":66}},"18":{"start":{"line":24,"column":0},"end":{"line":24,"column":70}},"19":{"start":{"line":25,"column":0},"end":{"line":25,"column":74}},"20":{"start":{"line":26,"column":0},"end":{"line":26,"column":69}},"21":{"start":{"line":28,"column":0},"end":{"line":28,"column":24}}},"fnMap":{},"branchMap":{},"s":{"0":1,"1":1,"2":1,"3":1,"4":1,"5":1,"6":1,"7":1,"8":1,"9":1,"10":1,"11":1,"12":1,"13":1,"14":1,"15":1,"16":1,"17":1,"18":1,"19":1,"20":1,"21":1},"f":{},"b":{},"_coverageSchema":"1a1c01bbd47fc00a2c39e90264f33305004495a9","hash":"5abdd9649d43f2391946e0ff869e52c0b168bc8c"}
}
