{"/Users/ichsan17/Documents/Hacktiv8/phase3/week4/server/app.js": {"path":"/Users/ichsan17/Documents/Hacktiv8/phase3/week4/server/app.js","statementMap":{"0":{"start":{"line":1,"column":0},"end":{"line":1,"column":26}},"1":{"start":{"line":2,"column":16},"end":{"line":2,"column":34}},"2":{"start":{"line":3,"column":12},"end":{"line":3,"column":21}},"3":{"start":{"line":4,"column":15},"end":{"line":4,"column":40}},"4":{"start":{"line":5,"column":13},"end":{"line":5,"column":28}},"5":{"start":{"line":6,"column":23},"end":{"line":6,"column":58}},"6":{"start":{"line":8,"column":0},"end":{"line":8,"column":15}},"7":{"start":{"line":10,"column":0},"end":{"line":10,"column":47}},"8":{"start":{"line":11,"column":0},"end":{"line":11,"column":23}},"9":{"start":{"line":13,"column":0},"end":{"line":13,"column":15}},"10":{"start":{"line":15,"column":0},"end":{"line":15,"column":19}},"11":{"start":{"line":17,"column":0},"end":{"line":17,"column":20}}},"fnMap":{},"branchMap":{},"s":{"0":1,"1":1,"2":1,"3":1,"4":1,"5":1,"6":1,"7":1,"8":1,"9":1,"10":1,"11":1},"f":{},"b":{},"_coverageSchema":"1a1c01bbd47fc00a2c39e90264f33305004495a9","hash":"71953034c039797d40ded46564cfd1e07ab3ee14"}
,"/Users/ichsan17/Documents/Hacktiv8/phase3/week4/server/config/mongo.js": {"path":"/Users/ichsan17/Documents/Hacktiv8/phase3/week4/server/config/mongo.js","statementMap":{"0":{"start":{"line":1,"column":0},"end":{"line":1,"column":27}},"1":{"start":{"line":3,"column":42},"end":{"line":3,"column":60}},"2":{"start":{"line":4,"column":12},"end":{"line":4,"column":33}},"3":{"start":{"line":7,"column":15},"end":{"line":13,"column":2}},"4":{"start":{"line":16,"column":17},"end":{"line":16,"column":43}},"5":{"start":{"line":18,"column":0},"end":{"line":18,"column":30}}},"fnMap":{},"branchMap":{},"s":{"0":1,"1":1,"2":1,"3":1,"4":1,"5":1},"f":{},"b":{},"_coverageSchema":"1a1c01bbd47fc00a2c39e90264f33305004495a9","hash":"7f30f178ed66d2a9458d8c7cb735489dc7e6e122"}
,"/Users/ichsan17/Documents/Hacktiv8/phase3/week4/server/config/redis.js": {"path":"/Users/ichsan17/Documents/Hacktiv8/phase3/week4/server/config/redis.js","statementMap":{"0":{"start":{"line":1,"column":0},"end":{"line":1,"column":27}},"1":{"start":{"line":3,"column":14},"end":{"line":3,"column":32}},"2":{"start":{"line":4,"column":14},"end":{"line":10,"column":2}},"3":{"start":{"line":12,"column":0},"end":{"line":12,"column":23}}},"fnMap":{},"branchMap":{},"s":{"0":1,"1":1,"2":1,"3":1},"f":{},"b":{},"_coverageSchema":"1a1c01bbd47fc00a2c39e90264f33305004495a9","hash":"e9dad182abc981a4212e0c8e3bfdf9f31715b648"}
,"/Users/ichsan17/Documents/Hacktiv8/phase3/week4/server/controllers/controller.js": {"path":"/Users/ichsan17/Documents/Hacktiv8/phase3/week4/server/controllers/controller.js","statementMap":{"0":{"start":{"line":1,"column":21},"end":{"line":1,"column":36}},"1":{"start":{"line":2,"column":42},"end":{"line":2,"column":70}},"2":{"start":{"line":3,"column":22},"end":{"line":3,"column":47}},"3":{"start":{"line":4,"column":13},"end":{"line":4,"column":38}},"4":{"start":{"line":5,"column":13},"end":{"line":5,"column":38}},"5":{"start":{"line":6,"column":14},"end":{"line":6,"column":40}},"6":{"start":{"line":7,"column":14},"end":{"line":7,"column":30}},"7":{"start":{"line":8,"column":17},"end":{"line":8,"column":46}},"8":{"start":{"line":13,"column":4},"end":{"line":13,"column":60}},"9":{"start":{"line":18,"column":4},"end":{"line":49,"column":5}},"10":{"start":{"line":19,"column":54},"end":{"line":19,"column":62}},"11":{"start":{"line":21,"column":6},"end":{"line":21,"column":56}},"12":{"start":{"line":21,"column":21},"end":{"line":21,"column":56}},"13":{"start":{"line":22,"column":6},"end":{"line":22,"column":56}},"14":{"start":{"line":22,"column":21},"end":{"line":22,"column":56}},"15":{"start":{"line":23,"column":6},"end":{"line":23,"column":50}},"16":{"start":{"line":23,"column":18},"end":{"line":23,"column":50}},"17":{"start":{"line":24,"column":6},"end":{"line":24,"column":52}},"18":{"start":{"line":24,"column":21},"end":{"line":24,"column":52}},"19":{"start":{"line":27,"column":8},"end":{"line":27,"column":77}},"20":{"start":{"line":28,"column":6},"end":{"line":30,"column":7}},"21":{"start":{"line":29,"column":8},"end":{"line":29,"column":38}},"22":{"start":{"line":32,"column":24},"end":{"line":32,"column":53}},"23":{"start":{"line":33,"column":6},"end":{"line":33,"column":50}},"24":{"start":{"line":33,"column":21},"end":{"line":33,"column":50}},"25":{"start":{"line":35,"column":22},"end":{"line":41,"column":7}},"26":{"start":{"line":43,"column":19},"end":{"line":43,"column":48}},"27":{"start":{"line":44,"column":6},"end":{"line":44,"column":36}},"28":{"start":{"line":46,"column":6},"end":{"line":46,"column":56}},"29":{"start":{"line":48,"column":6},"end":{"line":48,"column":18}},"30":{"start":{"line":52,"column":4},"end":{"line":72,"column":5}},"31":{"start":{"line":53,"column":34},"end":{"line":53,"column":42}},"32":{"start":{"line":55,"column":6},"end":{"line":55,"column":50}},"33":{"start":{"line":55,"column":18},"end":{"line":55,"column":50}},"34":{"start":{"line":56,"column":6},"end":{"line":56,"column":52}},"35":{"start":{"line":56,"column":21},"end":{"line":56,"column":52}},"36":{"start":{"line":58,"column":19},"end":{"line":58,"column":48}},"37":{"start":{"line":59,"column":6},"end":{"line":59,"column":48}},"38":{"start":{"line":59,"column":17},"end":{"line":59,"column":48}},"39":{"start":{"line":61,"column":24},"end":{"line":61,"column":64}},"40":{"start":{"line":62,"column":6},"end":{"line":62,"column":53}},"41":{"start":{"line":62,"column":22},"end":{"line":62,"column":53}},"42":{"start":{"line":64,"column":22},"end":{"line":64,"column":38}},"43":{"start":{"line":65,"column":20},"end":{"line":65,"column":38}},"44":{"start":{"line":67,"column":6},"end":{"line":69,"column":76}},"45":{"start":{"line":71,"column":6},"end":{"line":71,"column":18}},"46":{"start":{"line":75,"column":4},"end":{"line":90,"column":5}},"47":{"start":{"line":76,"column":21},"end":{"line":76,"column":33}},"48":{"start":{"line":77,"column":29},"end":{"line":77,"column":37}},"49":{"start":{"line":79,"column":6},"end":{"line":79,"column":56}},"50":{"start":{"line":79,"column":23},"end":{"line":79,"column":56}},"51":{"start":{"line":81,"column":24},"end":{"line":83,"column":7}},"52":{"start":{"line":85,"column":6},"end":{"line":85,"column":49}},"53":{"start":{"line":87,"column":6},"end":{"line":87,"column":42}},"54":{"start":{"line":89,"column":6},"end":{"line":89,"column":18}},"55":{"start":{"line":95,"column":19},"end":{"line":95,"column":31}},"56":{"start":{"line":97,"column":19},"end":{"line":97,"column":50}},"57":{"start":{"line":99,"column":4},"end":{"line":99,"column":33}},"58":{"start":{"line":104,"column":4},"end":{"line":130,"column":5}},"59":{"start":{"line":105,"column":40},"end":{"line":105,"column":48}},"60":{"start":{"line":106,"column":23},"end":{"line":106,"column":57}},"61":{"start":{"line":108,"column":6},"end":{"line":108,"column":56}},"62":{"start":{"line":108,"column":21},"end":{"line":108,"column":56}},"63":{"start":{"line":109,"column":6},"end":{"line":109,"column":62}},"64":{"start":{"line":109,"column":24},"end":{"line":109,"column":62}},"65":{"start":{"line":110,"column":6},"end":{"line":110,"column":52}},"66":{"start":{"line":110,"column":21},"end":{"line":110,"column":52}},"67":{"start":{"line":112,"column":22},"end":{"line":120,"column":7}},"68":{"start":{"line":122,"column":21},"end":{"line":122,"column":50}},"69":{"start":{"line":123,"column":6},"end":{"line":123,"column":38}},"70":{"start":{"line":125,"column":6},"end":{"line":125,"column":31}},"71":{"start":{"line":127,"column":6},"end":{"line":127,"column":65}},"72":{"start":{"line":129,"column":6},"end":{"line":129,"column":18}},"73":{"start":{"line":133,"column":22},"end":{"line":133,"column":46}},"74":{"start":{"line":134,"column":4},"end":{"line":145,"column":5}},"75":{"start":{"line":135,"column":6},"end":{"line":135,"column":32}},"76":{"start":{"line":136,"column":19},"end":{"line":136,"column":40}},"77":{"start":{"line":138,"column":6},"end":{"line":138,"column":49}},"78":{"start":{"line":139,"column":6},"end":{"line":139,"column":33}},"79":{"start":{"line":141,"column":20},"end":{"line":141,"column":40}},"80":{"start":{"line":142,"column":6},"end":{"line":142,"column":54}},"81":{"start":{"line":144,"column":6},"end":{"line":144,"column":34}},"82":{"start":{"line":148,"column":4},"end":{"line":158,"column":5}},"83":{"start":{"line":149,"column":21},"end":{"line":149,"column":31}},"84":{"start":{"line":150,"column":6},"end":{"line":150,"column":42}},"85":{"start":{"line":150,"column":15},"end":{"line":150,"column":42}},"86":{"start":{"line":151,"column":21},"end":{"line":151,"column":48}},"87":{"start":{"line":153,"column":6},"end":{"line":153,"column":31}},"88":{"start":{"line":155,"column":6},"end":{"line":155,"column":35}},"89":{"start":{"line":157,"column":6},"end":{"line":157,"column":18}},"90":{"start":{"line":161,"column":4},"end":{"line":171,"column":5}},"91":{"start":{"line":162,"column":21},"end":{"line":162,"column":31}},"92":{"start":{"line":163,"column":23},"end":{"line":163,"column":40}},"93":{"start":{"line":165,"column":6},"end":{"line":165,"column":53}},"94":{"start":{"line":166,"column":6},"end":{"line":166,"column":31}},"95":{"start":{"line":168,"column":6},"end":{"line":168,"column":54}},"96":{"start":{"line":170,"column":6},"end":{"line":170,"column":18}},"97":{"start":{"line":174,"column":4},"end":{"line":184,"column":5}},"98":{"start":{"line":175,"column":21},"end":{"line":175,"column":31}},"99":{"start":{"line":176,"column":23},"end":{"line":176,"column":40}},"100":{"start":{"line":178,"column":6},"end":{"line":178,"column":56}},"101":{"start":{"line":179,"column":6},"end":{"line":179,"column":31}},"102":{"start":{"line":181,"column":6},"end":{"line":181,"column":56}},"103":{"start":{"line":183,"column":6},"end":{"line":183,"column":18}},"104":{"start":{"line":187,"column":4},"end":{"line":197,"column":5}},"105":{"start":{"line":188,"column":21},"end":{"line":188,"column":31}},"106":{"start":{"line":189,"column":23},"end":{"line":189,"column":40}},"107":{"start":{"line":191,"column":6},"end":{"line":191,"column":56}},"108":{"start":{"line":192,"column":6},"end":{"line":192,"column":31}},"109":{"start":{"line":194,"column":6},"end":{"line":194,"column":57}},"110":{"start":{"line":196,"column":6},"end":{"line":196,"column":18}},"111":{"start":{"line":200,"column":4},"end":{"line":210,"column":5}},"112":{"start":{"line":201,"column":21},"end":{"line":201,"column":31}},"113":{"start":{"line":202,"column":23},"end":{"line":202,"column":40}},"114":{"start":{"line":204,"column":6},"end":{"line":204,"column":59}},"115":{"start":{"line":205,"column":6},"end":{"line":205,"column":31}},"116":{"start":{"line":207,"column":6},"end":{"line":207,"column":59}},"117":{"start":{"line":209,"column":6},"end":{"line":209,"column":18}},"118":{"start":{"line":213,"column":4},"end":{"line":222,"column":5}},"119":{"start":{"line":214,"column":21},"end":{"line":214,"column":31}},"120":{"start":{"line":216,"column":6},"end":{"line":216,"column":32}},"121":{"start":{"line":217,"column":6},"end":{"line":217,"column":31}},"122":{"start":{"line":219,"column":6},"end":{"line":219,"column":56}},"123":{"start":{"line":221,"column":6},"end":{"line":221,"column":18}},"124":{"start":{"line":227,"column":26},"end":{"line":227,"column":34}},"125":{"start":{"line":228,"column":20},"end":{"line":228,"column":30}},"126":{"start":{"line":230,"column":20},"end":{"line":241,"column":5}},"127":{"start":{"line":242,"column":4},"end":{"line":275,"column":5}},"128":{"start":{"line":243,"column":23},"end":{"line":243,"column":51}},"129":{"start":{"line":244,"column":21},"end":{"line":244,"column":55}},"130":{"start":{"line":246,"column":6},"end":{"line":253,"column":7}},"131":{"start":{"line":252,"column":8},"end":{"line":252,"column":35}},"132":{"start":{"line":255,"column":28},"end":{"line":255,"column":44}},"133":{"start":{"line":256,"column":26},"end":{"line":256,"column":56}},"134":{"start":{"line":257,"column":25},"end":{"line":257,"column":45}},"135":{"start":{"line":258,"column":23},"end":{"line":258,"column":53}},"136":{"start":{"line":259,"column":27},"end":{"line":259,"column":55}},"137":{"start":{"line":261,"column":26},"end":{"line":267,"column":7}},"138":{"start":{"line":269,"column":18},"end":{"line":269,"column":57}},"139":{"start":{"line":270,"column":6},"end":{"line":270,"column":39}},"140":{"start":{"line":272,"column":6},"end":{"line":272,"column":71}},"141":{"start":{"line":274,"column":6},"end":{"line":274,"column":18}},"142":{"start":{"line":278,"column":19},"end":{"line":278,"column":31}},"143":{"start":{"line":279,"column":21},"end":{"line":279,"column":56}},"144":{"start":{"line":281,"column":4},"end":{"line":281,"column":35}},"145":{"start":{"line":284,"column":4},"end":{"line":292,"column":5}},"146":{"start":{"line":285,"column":21},"end":{"line":285,"column":31}},"147":{"start":{"line":286,"column":6},"end":{"line":286,"column":45}},"148":{"start":{"line":286,"column":15},"end":{"line":286,"column":45}},"149":{"start":{"line":287,"column":6},"end":{"line":287,"column":40}},"150":{"start":{"line":289,"column":6},"end":{"line":289,"column":60}},"151":{"start":{"line":291,"column":6},"end":{"line":291,"column":18}},"152":{"start":{"line":297,"column":26},"end":{"line":297,"column":34}},"153":{"start":{"line":298,"column":20},"end":{"line":309,"column":5}},"154":{"start":{"line":310,"column":4},"end":{"line":316,"column":5}},"155":{"start":{"line":311,"column":6},"end":{"line":311,"column":49}},"156":{"start":{"line":311,"column":22},"end":{"line":311,"column":49}},"157":{"start":{"line":312,"column":23},"end":{"line":312,"column":51}},"158":{"start":{"line":313,"column":6},"end":{"line":313,"column":37}},"159":{"start":{"line":315,"column":6},"end":{"line":315,"column":18}},"160":{"start":{"line":321,"column":22},"end":{"line":321,"column":30}},"161":{"start":{"line":322,"column":20},"end":{"line":344,"column":5}},"162":{"start":{"line":345,"column":4},"end":{"line":354,"column":5}},"163":{"start":{"line":346,"column":6},"end":{"line":346,"column":45}},"164":{"start":{"line":346,"column":18},"end":{"line":346,"column":45}},"165":{"start":{"line":350,"column":10},"end":{"line":350,"column":38}},"166":{"start":{"line":351,"column":6},"end":{"line":351,"column":39}},"167":{"start":{"line":353,"column":6},"end":{"line":353,"column":18}},"168":{"start":{"line":358,"column":0},"end":{"line":358,"column":28}}},"fnMap":{"0":{"name":"(anonymous_0)","decl":{"start":{"line":12,"column":2},"end":{"line":12,"column":3}},"loc":{"start":{"line":12,"column":36},"end":{"line":14,"column":3}},"line":12},"1":{"name":"(anonymous_1)","decl":{"start":{"line":17,"column":2},"end":{"line":17,"column":3}},"loc":{"start":{"line":17,"column":40},"end":{"line":50,"column":3}},"line":17},"2":{"name":"(anonymous_2)","decl":{"start":{"line":51,"column":2},"end":{"line":51,"column":3}},"loc":{"start":{"line":51,"column":37},"end":{"line":73,"column":3}},"line":51},"3":{"name":"(anonymous_3)","decl":{"start":{"line":74,"column":2},"end":{"line":74,"column":3}},"loc":{"start":{"line":74,"column":48},"end":{"line":91,"column":3}},"line":74},"4":{"name":"(anonymous_4)","decl":{"start":{"line":94,"column":2},"end":{"line":94,"column":3}},"loc":{"start":{"line":94,"column":43},"end":{"line":100,"column":3}},"line":94},"5":{"name":"(anonymous_5)","decl":{"start":{"line":103,"column":2},"end":{"line":103,"column":3}},"loc":{"start":{"line":103,"column":42},"end":{"line":131,"column":3}},"line":103},"6":{"name":"(anonymous_6)","decl":{"start":{"line":132,"column":2},"end":{"line":132,"column":3}},"loc":{"start":{"line":132,"column":40},"end":{"line":146,"column":3}},"line":132},"7":{"name":"(anonymous_7)","decl":{"start":{"line":147,"column":2},"end":{"line":147,"column":3}},"loc":{"start":{"line":147,"column":44},"end":{"line":159,"column":3}},"line":147},"8":{"name":"(anonymous_8)","decl":{"start":{"line":160,"column":2},"end":{"line":160,"column":3}},"loc":{"start":{"line":160,"column":40},"end":{"line":172,"column":3}},"line":160},"9":{"name":"(anonymous_9)","decl":{"start":{"line":173,"column":2},"end":{"line":173,"column":3}},"loc":{"start":{"line":173,"column":42},"end":{"line":185,"column":3}},"line":173},"10":{"name":"(anonymous_10)","decl":{"start":{"line":186,"column":2},"end":{"line":186,"column":3}},"loc":{"start":{"line":186,"column":43},"end":{"line":198,"column":3}},"line":186},"11":{"name":"(anonymous_11)","decl":{"start":{"line":199,"column":2},"end":{"line":199,"column":3}},"loc":{"start":{"line":199,"column":45},"end":{"line":211,"column":3}},"line":199},"12":{"name":"(anonymous_12)","decl":{"start":{"line":212,"column":2},"end":{"line":212,"column":3}},"loc":{"start":{"line":212,"column":42},"end":{"line":223,"column":3}},"line":212},"13":{"name":"(anonymous_13)","decl":{"start":{"line":226,"column":2},"end":{"line":226,"column":3}},"loc":{"start":{"line":226,"column":43},"end":{"line":276,"column":3}},"line":226},"14":{"name":"(anonymous_14)","decl":{"start":{"line":277,"column":2},"end":{"line":277,"column":3}},"loc":{"start":{"line":277,"column":44},"end":{"line":282,"column":3}},"line":277},"15":{"name":"(anonymous_15)","decl":{"start":{"line":283,"column":2},"end":{"line":283,"column":3}},"loc":{"start":{"line":283,"column":46},"end":{"line":293,"column":3}},"line":283},"16":{"name":"(anonymous_16)","decl":{"start":{"line":296,"column":2},"end":{"line":296,"column":3}},"loc":{"start":{"line":296,"column":36},"end":{"line":317,"column":3}},"line":296},"17":{"name":"(anonymous_17)","decl":{"start":{"line":320,"column":2},"end":{"line":320,"column":3}},"loc":{"start":{"line":320,"column":34},"end":{"line":355,"column":3}},"line":320}},"branchMap":{"0":{"loc":{"start":{"line":21,"column":6},"end":{"line":21,"column":56}},"type":"if","locations":[{"start":{"line":21,"column":6},"end":{"line":21,"column":56}},{"start":{},"end":{}}],"line":21},"1":{"loc":{"start":{"line":22,"column":6},"end":{"line":22,"column":56}},"type":"if","locations":[{"start":{"line":22,"column":6},"end":{"line":22,"column":56}},{"start":{},"end":{}}],"line":22},"2":{"loc":{"start":{"line":23,"column":6},"end":{"line":23,"column":50}},"type":"if","locations":[{"start":{"line":23,"column":6},"end":{"line":23,"column":50}},{"start":{},"end":{}}],"line":23},"3":{"loc":{"start":{"line":24,"column":6},"end":{"line":24,"column":52}},"type":"if","locations":[{"start":{"line":24,"column":6},"end":{"line":24,"column":52}},{"start":{},"end":{}}],"line":24},"4":{"loc":{"start":{"line":28,"column":6},"end":{"line":30,"column":7}},"type":"if","locations":[{"start":{"line":28,"column":6},"end":{"line":30,"column":7}},{"start":{},"end":{}}],"line":28},"5":{"loc":{"start":{"line":33,"column":6},"end":{"line":33,"column":50}},"type":"if","locations":[{"start":{"line":33,"column":6},"end":{"line":33,"column":50}},{"start":{},"end":{}}],"line":33},"6":{"loc":{"start":{"line":55,"column":6},"end":{"line":55,"column":50}},"type":"if","locations":[{"start":{"line":55,"column":6},"end":{"line":55,"column":50}},{"start":{},"end":{}}],"line":55},"7":{"loc":{"start":{"line":56,"column":6},"end":{"line":56,"column":52}},"type":"if","locations":[{"start":{"line":56,"column":6},"end":{"line":56,"column":52}},{"start":{},"end":{}}],"line":56},"8":{"loc":{"start":{"line":59,"column":6},"end":{"line":59,"column":48}},"type":"if","locations":[{"start":{"line":59,"column":6},"end":{"line":59,"column":48}},{"start":{},"end":{}}],"line":59},"9":{"loc":{"start":{"line":62,"column":6},"end":{"line":62,"column":53}},"type":"if","locations":[{"start":{"line":62,"column":6},"end":{"line":62,"column":53}},{"start":{},"end":{}}],"line":62},"10":{"loc":{"start":{"line":79,"column":6},"end":{"line":79,"column":56}},"type":"if","locations":[{"start":{"line":79,"column":6},"end":{"line":79,"column":56}},{"start":{},"end":{}}],"line":79},"11":{"loc":{"start":{"line":108,"column":6},"end":{"line":108,"column":56}},"type":"if","locations":[{"start":{"line":108,"column":6},"end":{"line":108,"column":56}},{"start":{},"end":{}}],"line":108},"12":{"loc":{"start":{"line":109,"column":6},"end":{"line":109,"column":62}},"type":"if","locations":[{"start":{"line":109,"column":6},"end":{"line":109,"column":62}},{"start":{},"end":{}}],"line":109},"13":{"loc":{"start":{"line":110,"column":6},"end":{"line":110,"column":52}},"type":"if","locations":[{"start":{"line":110,"column":6},"end":{"line":110,"column":52}},{"start":{},"end":{}}],"line":110},"14":{"loc":{"start":{"line":134,"column":4},"end":{"line":145,"column":5}},"type":"if","locations":[{"start":{"line":134,"column":4},"end":{"line":145,"column":5}},{"start":{"line":140,"column":11},"end":{"line":145,"column":5}}],"line":134},"15":{"loc":{"start":{"line":150,"column":6},"end":{"line":150,"column":42}},"type":"if","locations":[{"start":{"line":150,"column":6},"end":{"line":150,"column":42}},{"start":{},"end":{}}],"line":150},"16":{"loc":{"start":{"line":246,"column":6},"end":{"line":253,"column":7}},"type":"if","locations":[{"start":{"line":246,"column":6},"end":{"line":253,"column":7}},{"start":{},"end":{}}],"line":246},"17":{"loc":{"start":{"line":247,"column":8},"end":{"line":250,"column":33}},"type":"binary-expr","locations":[{"start":{"line":247,"column":8},"end":{"line":247,"column":20}},{"start":{"line":248,"column":8},"end":{"line":248,"column":32}},{"start":{"line":249,"column":8},"end":{"line":249,"column":15}},{"start":{"line":250,"column":8},"end":{"line":250,"column":33}}],"line":247},"18":{"loc":{"start":{"line":286,"column":6},"end":{"line":286,"column":45}},"type":"if","locations":[{"start":{"line":286,"column":6},"end":{"line":286,"column":45}},{"start":{},"end":{}}],"line":286},"19":{"loc":{"start":{"line":311,"column":6},"end":{"line":311,"column":49}},"type":"if","locations":[{"start":{"line":311,"column":6},"end":{"line":311,"column":49}},{"start":{},"end":{}}],"line":311},"20":{"loc":{"start":{"line":346,"column":6},"end":{"line":346,"column":45}},"type":"if","locations":[{"start":{"line":346,"column":6},"end":{"line":346,"column":45}},{"start":{},"end":{}}],"line":346}},"s":{"0":1,"1":1,"2":1,"3":1,"4":1,"5":1,"6":1,"7":1,"8":1,"9":7,"10":7,"11":7,"12":1,"13":6,"14":1,"15":5,"16":1,"17":4,"18":1,"19":3,"20":3,"21":1,"22":2,"23":2,"24":2,"25":0,"26":0,"27":0,"28":0,"29":7,"30":2,"31":2,"32":2,"33":0,"34":2,"35":0,"36":2,"37":2,"38":0,"39":2,"40":2,"41":1,"42":1,"43":1,"44":1,"45":1,"46":2,"47":2,"48":2,"49":2,"50":1,"51":1,"52":1,"53":1,"54":1,"55":1,"56":1,"57":1,"58":3,"59":3,"60":3,"61":3,"62":1,"63":2,"64":1,"65":1,"66":0,"67":1,"68":1,"69":1,"70":1,"71":1,"72":2,"73":2,"74":2,"75":0,"76":0,"77":0,"78":0,"79":2,"80":2,"81":2,"82":2,"83":2,"84":2,"85":0,"86":2,"87":1,"88":1,"89":1,"90":2,"91":2,"92":2,"93":2,"94":1,"95":1,"96":1,"97":2,"98":2,"99":2,"100":2,"101":1,"102":1,"103":1,"104":2,"105":2,"106":2,"107":2,"108":1,"109":1,"110":1,"111":0,"112":0,"113":0,"114":0,"115":0,"116":0,"117":0,"118":1,"119":1,"120":1,"121":1,"122":1,"123":0,"124":2,"125":2,"126":2,"127":2,"128":2,"129":2,"130":2,"131":1,"132":0,"133":0,"134":0,"135":0,"136":0,"137":0,"138":0,"139":0,"140":0,"141":2,"142":1,"143":1,"144":1,"145":2,"146":2,"147":2,"148":0,"149":2,"150":1,"151":1,"152":2,"153":2,"154":2,"155":2,"156":1,"157":1,"158":1,"159":1,"160":2,"161":2,"162":2,"163":2,"164":1,"165":1,"166":0,"167":2,"168":1},"f":{"0":1,"1":7,"2":2,"3":2,"4":1,"5":3,"6":2,"7":2,"8":2,"9":2,"10":2,"11":0,"12":1,"13":2,"14":1,"15":2,"16":2,"17":2},"b":{"0":[1,6],"1":[1,5],"2":[1,4],"3":[1,3],"4":[1,2],"5":[2,0],"6":[0,2],"7":[0,2],"8":[0,2],"9":[1,1],"10":[1,1],"11":[1,2],"12":[1,1],"13":[0,1],"14":[0,2],"15":[0,2],"16":[1,0],"17":[2,0,0,0],"18":[0,2],"19":[1,1],"20":[1,1]},"_coverageSchema":"1a1c01bbd47fc00a2c39e90264f33305004495a9","hash":"fc13d29e9fbfda1870467adb17883788e7aa512c"}
,"/Users/ichsan17/Documents/Hacktiv8/phase3/week4/server/helpers/bcrypt.js": {"path":"/Users/ichsan17/Documents/Hacktiv8/phase3/week4/server/helpers/bcrypt.js","statementMap":{"0":{"start":{"line":1,"column":15},"end":{"line":1,"column":32}},"1":{"start":{"line":4,"column":15},"end":{"line":4,"column":64}},"2":{"start":{"line":5,"column":2},"end":{"line":5,"column":14}},"3":{"start":{"line":9,"column":18},"end":{"line":9,"column":60}},"4":{"start":{"line":10,"column":2},"end":{"line":10,"column":17}},"5":{"start":{"line":13,"column":0},"end":{"line":16,"column":2}}},"fnMap":{"0":{"name":"hashPassword","decl":{"start":{"line":3,"column":9},"end":{"line":3,"column":21}},"loc":{"start":{"line":3,"column":32},"end":{"line":6,"column":1}},"line":3},"1":{"name":"comparePassword","decl":{"start":{"line":8,"column":9},"end":{"line":8,"column":24}},"loc":{"start":{"line":8,"column":49},"end":{"line":11,"column":1}},"line":8}},"branchMap":{},"s":{"0":1,"1":2,"2":2,"3":2,"4":2,"5":1},"f":{"0":2,"1":2},"b":{},"_coverageSchema":"1a1c01bbd47fc00a2c39e90264f33305004495a9","hash":"bd713e31162011ef67688060dce37053a8ad33df"}
,"/Users/ichsan17/Documents/Hacktiv8/phase3/week4/server/helpers/jwt.js": {"path":"/Users/ichsan17/Documents/Hacktiv8/phase3/week4/server/helpers/jwt.js","statementMap":{"0":{"start":{"line":1,"column":12},"end":{"line":1,"column":35}},"1":{"start":{"line":2,"column":15},"end":{"line":2,"column":37}},"2":{"start":{"line":5,"column":16},"end":{"line":5,"column":38}},"3":{"start":{"line":6,"column":2},"end":{"line":6,"column":15}},"4":{"start":{"line":10,"column":15},"end":{"line":10,"column":40}},"5":{"start":{"line":11,"column":2},"end":{"line":11,"column":14}},"6":{"start":{"line":14,"column":0},"end":{"line":17,"column":2}}},"fnMap":{"0":{"name":"signToken","decl":{"start":{"line":4,"column":9},"end":{"line":4,"column":18}},"loc":{"start":{"line":4,"column":25},"end":{"line":7,"column":1}},"line":4},"1":{"name":"verifyToken","decl":{"start":{"line":9,"column":9},"end":{"line":9,"column":20}},"loc":{"start":{"line":9,"column":28},"end":{"line":12,"column":1}},"line":9}},"branchMap":{},"s":{"0":1,"1":1,"2":3,"3":3,"4":23,"5":23,"6":1},"f":{"0":3,"1":23},"b":{},"_coverageSchema":"1a1c01bbd47fc00a2c39e90264f33305004495a9","hash":"9500b1b11bbded5482b8a27d500076996d9fdf9e"}
,"/Users/ichsan17/Documents/Hacktiv8/phase3/week4/server/middlewares/authentication.js": {"path":"/Users/ichsan17/Documents/Hacktiv8/phase3/week4/server/middlewares/authentication.js","statementMap":{"0":{"start":{"line":1,"column":24},"end":{"line":1,"column":49}},"1":{"start":{"line":2,"column":13},"end":{"line":2,"column":38}},"2":{"start":{"line":4,"column":23},"end":{"line":28,"column":1}},"3":{"start":{"line":5,"column":2},"end":{"line":27,"column":3}},"4":{"start":{"line":7,"column":30},"end":{"line":7,"column":41}},"5":{"start":{"line":8,"column":4},"end":{"line":8,"column":55}},"6":{"start":{"line":8,"column":24},"end":{"line":8,"column":55}},"7":{"start":{"line":11,"column":26},"end":{"line":11,"column":50}},"8":{"start":{"line":12,"column":4},"end":{"line":12,"column":58}},"9":{"start":{"line":12,"column":27},"end":{"line":12,"column":58}},"10":{"start":{"line":15,"column":19},"end":{"line":15,"column":37}},"11":{"start":{"line":18,"column":17},"end":{"line":18,"column":40}},"12":{"start":{"line":19,"column":4},"end":{"line":19,"column":46}},"13":{"start":{"line":19,"column":15},"end":{"line":19,"column":46}},"14":{"start":{"line":21,"column":4},"end":{"line":21,"column":20}},"15":{"start":{"line":24,"column":4},"end":{"line":24,"column":11}},"16":{"start":{"line":26,"column":4},"end":{"line":26,"column":16}},"17":{"start":{"line":30,"column":0},"end":{"line":30,"column":32}}},"fnMap":{"0":{"name":"(anonymous_0)","decl":{"start":{"line":4,"column":23},"end":{"line":4,"column":24}},"loc":{"start":{"line":4,"column":49},"end":{"line":28,"column":1}},"line":4}},"branchMap":{"0":{"loc":{"start":{"line":8,"column":4},"end":{"line":8,"column":55}},"type":"if","locations":[{"start":{"line":8,"column":4},"end":{"line":8,"column":55}},{"start":{},"end":{}}],"line":8},"1":{"loc":{"start":{"line":12,"column":4},"end":{"line":12,"column":58}},"type":"if","locations":[{"start":{"line":12,"column":4},"end":{"line":12,"column":58}},{"start":{},"end":{}}],"line":12},"2":{"loc":{"start":{"line":19,"column":4},"end":{"line":19,"column":46}},"type":"if","locations":[{"start":{"line":19,"column":4},"end":{"line":19,"column":46}},{"start":{},"end":{}}],"line":19}},"s":{"0":1,"1":1,"2":1,"3":25,"4":25,"5":25,"6":1,"7":24,"8":24,"9":1,"10":23,"11":23,"12":23,"13":1,"14":22,"15":22,"16":3,"17":1},"f":{"0":25},"b":{"0":[1,24],"1":[1,23],"2":[1,22]},"_coverageSchema":"1a1c01bbd47fc00a2c39e90264f33305004495a9","hash":"8fc3c22c73b9709e49fd7f17a3c6c5e3ed624caf"}
,"/Users/ichsan17/Documents/Hacktiv8/phase3/week4/server/middlewares/errHandler.js": {"path":"/Users/ichsan17/Documents/Hacktiv8/phase3/week4/server/middlewares/errHandler.js","statementMap":{"0":{"start":{"line":1,"column":19},"end":{"line":47,"column":1}},"1":{"start":{"line":2,"column":2},"end":{"line":46,"column":3}},"2":{"start":{"line":4,"column":6},"end":{"line":4,"column":61}},"3":{"start":{"line":5,"column":6},"end":{"line":5,"column":12}},"4":{"start":{"line":7,"column":6},"end":{"line":7,"column":64}},"5":{"start":{"line":8,"column":6},"end":{"line":8,"column":12}},"6":{"start":{"line":10,"column":6},"end":{"line":10,"column":65}},"7":{"start":{"line":11,"column":6},"end":{"line":11,"column":12}},"8":{"start":{"line":13,"column":6},"end":{"line":13,"column":64}},"9":{"start":{"line":14,"column":6},"end":{"line":14,"column":12}},"10":{"start":{"line":16,"column":6},"end":{"line":16,"column":66}},"11":{"start":{"line":17,"column":6},"end":{"line":17,"column":12}},"12":{"start":{"line":19,"column":6},"end":{"line":19,"column":65}},"13":{"start":{"line":20,"column":6},"end":{"line":20,"column":12}},"14":{"start":{"line":22,"column":6},"end":{"line":22,"column":67}},"15":{"start":{"line":23,"column":6},"end":{"line":23,"column":12}},"16":{"start":{"line":25,"column":6},"end":{"line":27,"column":74}},"17":{"start":{"line":28,"column":6},"end":{"line":28,"column":12}},"18":{"start":{"line":30,"column":6},"end":{"line":30,"column":64}},"19":{"start":{"line":31,"column":6},"end":{"line":31,"column":12}},"20":{"start":{"line":33,"column":6},"end":{"line":33,"column":66}},"21":{"start":{"line":34,"column":6},"end":{"line":34,"column":12}},"22":{"start":{"line":36,"column":6},"end":{"line":36,"column":58}},"23":{"start":{"line":37,"column":6},"end":{"line":37,"column":12}},"24":{"start":{"line":40,"column":6},"end":{"line":40,"column":57}},"25":{"start":{"line":41,"column":6},"end":{"line":41,"column":12}},"26":{"start":{"line":43,"column":6},"end":{"line":43,"column":23}},"27":{"start":{"line":44,"column":6},"end":{"line":44,"column":65}},"28":{"start":{"line":45,"column":6},"end":{"line":45,"column":12}},"29":{"start":{"line":49,"column":0},"end":{"line":49,"column":32}}},"fnMap":{"0":{"name":"(anonymous_0)","decl":{"start":{"line":1,"column":19},"end":{"line":1,"column":20}},"loc":{"start":{"line":1,"column":44},"end":{"line":47,"column":1}},"line":1}},"branchMap":{"0":{"loc":{"start":{"line":2,"column":2},"end":{"line":46,"column":3}},"type":"switch","locations":[{"start":{"line":3,"column":4},"end":{"line":5,"column":12}},{"start":{"line":6,"column":4},"end":{"line":8,"column":12}},{"start":{"line":9,"column":4},"end":{"line":11,"column":12}},{"start":{"line":12,"column":4},"end":{"line":14,"column":12}},{"start":{"line":15,"column":4},"end":{"line":17,"column":12}},{"start":{"line":18,"column":4},"end":{"line":20,"column":12}},{"start":{"line":21,"column":4},"end":{"line":23,"column":12}},{"start":{"line":24,"column":4},"end":{"line":28,"column":12}},{"start":{"line":29,"column":4},"end":{"line":31,"column":12}},{"start":{"line":32,"column":4},"end":{"line":34,"column":12}},{"start":{"line":35,"column":4},"end":{"line":37,"column":12}},{"start":{"line":38,"column":4},"end":{"line":38,"column":24}},{"start":{"line":39,"column":4},"end":{"line":41,"column":12}},{"start":{"line":42,"column":4},"end":{"line":45,"column":12}}],"line":2}},"s":{"0":1,"1":24,"2":1,"3":1,"4":1,"5":1,"6":1,"7":1,"8":1,"9":1,"10":1,"11":1,"12":1,"13":1,"14":1,"15":1,"16":1,"17":1,"18":2,"19":2,"20":1,"21":1,"22":3,"23":3,"24":3,"25":3,"26":7,"27":7,"28":7,"29":1},"f":{"0":24},"b":{"0":[1,1,1,1,1,1,1,1,2,1,3,3,3,7]},"_coverageSchema":"1a1c01bbd47fc00a2c39e90264f33305004495a9","hash":"2a2c67016607b7d7c34e83309a6dcb70dde2d4b2"}
,"/Users/ichsan17/Documents/Hacktiv8/phase3/week4/server/models/favorite.js": {"path":"/Users/ichsan17/Documents/Hacktiv8/phase3/week4/server/models/favorite.js","statementMap":{"0":{"start":{"line":1,"column":21},"end":{"line":1,"column":47}},"1":{"start":{"line":2,"column":21},"end":{"line":2,"column":39}},"2":{"start":{"line":6,"column":4},"end":{"line":6,"column":44}},"3":{"start":{"line":10,"column":24},"end":{"line":10,"column":74}},"4":{"start":{"line":11,"column":4},"end":{"line":11,"column":23}},"5":{"start":{"line":15,"column":16},"end":{"line":40,"column":5}},"6":{"start":{"line":41,"column":19},"end":{"line":41,"column":59}},"7":{"start":{"line":42,"column":19},"end":{"line":42,"column":41}},"8":{"start":{"line":44,"column":4},"end":{"line":44,"column":18}},"9":{"start":{"line":48,"column":19},"end":{"line":50,"column":6}},"10":{"start":{"line":52,"column":4},"end":{"line":52,"column":18}},"11":{"start":{"line":56,"column":0},"end":{"line":56,"column":26}}},"fnMap":{"0":{"name":"(anonymous_0)","decl":{"start":{"line":5,"column":2},"end":{"line":5,"column":3}},"loc":{"start":{"line":5,"column":30},"end":{"line":7,"column":3}},"line":5},"1":{"name":"(anonymous_1)","decl":{"start":{"line":9,"column":2},"end":{"line":9,"column":3}},"loc":{"start":{"line":9,"column":36},"end":{"line":12,"column":3}},"line":9},"2":{"name":"(anonymous_2)","decl":{"start":{"line":14,"column":2},"end":{"line":14,"column":3}},"loc":{"start":{"line":14,"column":36},"end":{"line":45,"column":3}},"line":14},"3":{"name":"(anonymous_3)","decl":{"start":{"line":47,"column":2},"end":{"line":47,"column":3}},"loc":{"start":{"line":47,"column":34},"end":{"line":53,"column":3}},"line":47}},"branchMap":{},"s":{"0":1,"1":1,"2":3,"3":0,"4":0,"5":1,"6":1,"7":1,"8":1,"9":2,"10":1,"11":1},"f":{"0":3,"1":0,"2":1,"3":2},"b":{},"_coverageSchema":"1a1c01bbd47fc00a2c39e90264f33305004495a9","hash":"fca22c0dfc5d43f4ce0a8a5a873b7aeafea0b406"}
,"/Users/ichsan17/Documents/Hacktiv8/phase3/week4/server/models/post.js": {"path":"/Users/ichsan17/Documents/Hacktiv8/phase3/week4/server/models/post.js","statementMap":{"0":{"start":{"line":1,"column":21},"end":{"line":1,"column":47}},"1":{"start":{"line":2,"column":21},"end":{"line":2,"column":39}},"2":{"start":{"line":6,"column":4},"end":{"line":6,"column":40}},"3":{"start":{"line":10,"column":20},"end":{"line":10,"column":66}},"4":{"start":{"line":11,"column":4},"end":{"line":11,"column":19}},"5":{"start":{"line":15,"column":16},"end":{"line":40,"column":5}},"6":{"start":{"line":42,"column":19},"end":{"line":42,"column":55}},"7":{"start":{"line":43,"column":19},"end":{"line":43,"column":41}},"8":{"start":{"line":45,"column":4},"end":{"line":45,"column":18}},"9":{"start":{"line":49,"column":17},"end":{"line":52,"column":5}},"10":{"start":{"line":53,"column":4},"end":{"line":53,"column":15}},"11":{"start":{"line":57,"column":17},"end":{"line":60,"column":5}},"12":{"start":{"line":61,"column":4},"end":{"line":61,"column":15}},"13":{"start":{"line":65,"column":17},"end":{"line":67,"column":6}},"14":{"start":{"line":69,"column":4},"end":{"line":69,"column":16}},"15":{"start":{"line":73,"column":0},"end":{"line":73,"column":22}}},"fnMap":{"0":{"name":"(anonymous_0)","decl":{"start":{"line":5,"column":2},"end":{"line":5,"column":3}},"loc":{"start":{"line":5,"column":26},"end":{"line":7,"column":3}},"line":5},"1":{"name":"(anonymous_1)","decl":{"start":{"line":9,"column":2},"end":{"line":9,"column":3}},"loc":{"start":{"line":9,"column":34},"end":{"line":12,"column":3}},"line":9},"2":{"name":"(anonymous_2)","decl":{"start":{"line":14,"column":2},"end":{"line":14,"column":3}},"loc":{"start":{"line":14,"column":25},"end":{"line":46,"column":3}},"line":14},"3":{"name":"(anonymous_3)","decl":{"start":{"line":48,"column":2},"end":{"line":48,"column":3}},"loc":{"start":{"line":48,"column":38},"end":{"line":54,"column":3}},"line":48},"4":{"name":"(anonymous_4)","decl":{"start":{"line":56,"column":2},"end":{"line":56,"column":3}},"loc":{"start":{"line":56,"column":41},"end":{"line":62,"column":3}},"line":56},"5":{"name":"(anonymous_5)","decl":{"start":{"line":64,"column":2},"end":{"line":64,"column":3}},"loc":{"start":{"line":64,"column":30},"end":{"line":70,"column":3}},"line":64}},"branchMap":{},"s":{"0":1,"1":1,"2":10,"3":1,"4":1,"5":2,"6":2,"7":2,"8":2,"9":4,"10":2,"11":2,"12":1,"13":1,"14":1,"15":1},"f":{"0":10,"1":1,"2":2,"3":4,"4":2,"5":1},"b":{},"_coverageSchema":"1a1c01bbd47fc00a2c39e90264f33305004495a9","hash":"1af54a0f74d3f60892aa813dd814909b9b30cfc0"}
,"/Users/ichsan17/Documents/Hacktiv8/phase3/week4/server/models/user.js": {"path":"/Users/ichsan17/Documents/Hacktiv8/phase3/week4/server/models/user.js","statementMap":{"0":{"start":{"line":1,"column":21},"end":{"line":1,"column":39}},"1":{"start":{"line":2,"column":21},"end":{"line":2,"column":47}},"2":{"start":{"line":6,"column":4},"end":{"line":6,"column":40}},"3":{"start":{"line":10,"column":17},"end":{"line":12,"column":6}},"4":{"start":{"line":13,"column":4},"end":{"line":13,"column":16}},"5":{"start":{"line":17,"column":20},"end":{"line":17,"column":66}},"6":{"start":{"line":18,"column":4},"end":{"line":18,"column":19}},"7":{"start":{"line":22,"column":17},"end":{"line":24,"column":5}},"8":{"start":{"line":25,"column":4},"end":{"line":25,"column":16}},"9":{"start":{"line":29,"column":17},"end":{"line":32,"column":5}},"10":{"start":{"line":34,"column":4},"end":{"line":34,"column":16}},"11":{"start":{"line":38,"column":16},"end":{"line":57,"column":5}},"12":{"start":{"line":58,"column":19},"end":{"line":58,"column":55}},"13":{"start":{"line":59,"column":19},"end":{"line":59,"column":41}},"14":{"start":{"line":61,"column":4},"end":{"line":61,"column":18}},"15":{"start":{"line":65,"column":0},"end":{"line":65,"column":22}}},"fnMap":{"0":{"name":"(anonymous_0)","decl":{"start":{"line":5,"column":2},"end":{"line":5,"column":3}},"loc":{"start":{"line":5,"column":26},"end":{"line":7,"column":3}},"line":5},"1":{"name":"(anonymous_1)","decl":{"start":{"line":9,"column":2},"end":{"line":9,"column":3}},"loc":{"start":{"line":9,"column":28},"end":{"line":14,"column":3}},"line":9},"2":{"name":"(anonymous_2)","decl":{"start":{"line":16,"column":2},"end":{"line":16,"column":3}},"loc":{"start":{"line":16,"column":34},"end":{"line":19,"column":3}},"line":16},"3":{"name":"(anonymous_3)","decl":{"start":{"line":21,"column":2},"end":{"line":21,"column":3}},"loc":{"start":{"line":21,"column":34},"end":{"line":26,"column":3}},"line":21},"4":{"name":"(anonymous_4)","decl":{"start":{"line":28,"column":2},"end":{"line":28,"column":3}},"loc":{"start":{"line":28,"column":45},"end":{"line":35,"column":3}},"line":28},"5":{"name":"(anonymous_5)","decl":{"start":{"line":37,"column":2},"end":{"line":37,"column":3}},"loc":{"start":{"line":37,"column":32},"end":{"line":62,"column":3}},"line":37}},"branchMap":{},"s":{"0":1,"1":1,"2":30,"3":23,"4":23,"5":0,"6":0,"7":4,"8":4,"9":1,"10":1,"11":3,"12":2,"13":2,"14":2,"15":1},"f":{"0":30,"1":23,"2":0,"3":4,"4":1,"5":3},"b":{},"_coverageSchema":"1a1c01bbd47fc00a2c39e90264f33305004495a9","hash":"d7cb59829153102ce218420703844234f57df299"}
,"/Users/ichsan17/Documents/Hacktiv8/phase3/week4/server/routes/index.js": {"path":"/Users/ichsan17/Documents/Hacktiv8/phase3/week4/server/routes/index.js","statementMap":{"0":{"start":{"line":1,"column":16},"end":{"line":1,"column":34}},"1":{"start":{"line":2,"column":19},"end":{"line":2,"column":55}},"2":{"start":{"line":3,"column":23},"end":{"line":3,"column":63}},"3":{"start":{"line":4,"column":15},"end":{"line":4,"column":31}},"4":{"start":{"line":7,"column":0},"end":{"line":7,"column":33}},"5":{"start":{"line":10,"column":0},"end":{"line":10,"column":46}},"6":{"start":{"line":11,"column":0},"end":{"line":11,"column":40}},"7":{"start":{"line":12,"column":0},"end":{"line":12,"column":38}},"8":{"start":{"line":13,"column":0},"end":{"line":13,"column":34}},"9":{"start":{"line":14,"column":0},"end":{"line":14,"column":60}},"10":{"start":{"line":15,"column":0},"end":{"line":15,"column":65}},"11":{"start":{"line":16,"column":0},"end":{"line":16,"column":60}},"12":{"start":{"line":17,"column":0},"end":{"line":17,"column":57}},"13":{"start":{"line":19,"column":0},"end":{"line":19,"column":65}},"14":{"start":{"line":20,"column":0},"end":{"line":20,"column":61}},"15":{"start":{"line":21,"column":0},"end":{"line":21,"column":65}},"16":{"start":{"line":22,"column":0},"end":{"line":22,"column":67}},"17":{"start":{"line":23,"column":0},"end":{"line":23,"column":71}},"18":{"start":{"line":24,"column":0},"end":{"line":24,"column":66}},"19":{"start":{"line":25,"column":0},"end":{"line":25,"column":70}},"20":{"start":{"line":26,"column":0},"end":{"line":26,"column":74}},"21":{"start":{"line":27,"column":0},"end":{"line":27,"column":69}},"22":{"start":{"line":29,"column":0},"end":{"line":29,"column":24}}},"fnMap":{},"branchMap":{},"s":{"0":1,"1":1,"2":1,"3":1,"4":1,"5":1,"6":1,"7":1,"8":1,"9":1,"10":1,"11":1,"12":1,"13":1,"14":1,"15":1,"16":1,"17":1,"18":1,"19":1,"20":1,"21":1,"22":1},"f":{},"b":{},"_coverageSchema":"1a1c01bbd47fc00a2c39e90264f33305004495a9","hash":"ca91e82c0264e8fbd5e77c8f401683a34f1766dd"}
}
