TN:
SF:app.js
FNF:0
FNH:0
DA:1,1
DA:2,1
DA:3,1
DA:4,1
DA:5,1
DA:6,1
DA:8,1
DA:10,1
DA:11,1
DA:13,1
DA:15,1
DA:17,1
LF:12
LH:12
BRF:0
BRH:0
end_of_record
TN:
SF:config\mongo.js
FNF:0
FNH:0
DA:1,1
DA:3,1
DA:4,1
DA:7,1
DA:16,1
DA:18,1
LF:6
LH:6
BRF:0
BRH:0
end_of_record
TN:
SF:config\redis.js
FNF:0
FNH:0
DA:1,1
DA:3,1
DA:4,1
DA:12,1
LF:4
LH:4
BRF:0
BRH:0
end_of_record
TN:
SF:controllers\controller.js
FN:12,(anonymous_0)
FN:17,(anonymous_1)
FN:51,(anonymous_2)
FN:74,(anonymous_3)
FN:94,(anonymous_4)
FN:103,(anonymous_5)
FN:132,(anonymous_6)
FN:147,(anonymous_7)
FN:160,(anonymous_8)
FN:173,(anonymous_9)
FN:186,(anonymous_10)
FN:199,(anonymous_11)
FN:213,(anonymous_12)
FN:264,(anonymous_13)
FN:270,(anonymous_14)
FN:283,(anonymous_15)
FN:307,(anonymous_16)
FNF:17
FNH:17
FNDA:1,(anonymous_0)
FNDA:7,(anonymous_1)
FNDA:2,(anonymous_2)
FNDA:2,(anonymous_3)
FNDA:1,(anonymous_4)
FNDA:3,(anonymous_5)
FNDA:2,(anonymous_6)
FNDA:2,(anonymous_7)
FNDA:2,(anonymous_8)
FNDA:2,(anonymous_9)
FNDA:2,(anonymous_10)
FNDA:1,(anonymous_11)
FNDA:2,(anonymous_12)
FNDA:1,(anonymous_13)
FNDA:2,(anonymous_14)
FNDA:2,(anonymous_15)
FNDA:2,(anonymous_16)
DA:1,1
DA:2,1
DA:3,1
DA:4,1
DA:5,1
DA:6,1
DA:7,1
DA:8,1
DA:13,1
DA:18,7
DA:19,7
DA:21,7
DA:22,6
DA:23,5
DA:24,4
DA:27,3
DA:28,3
DA:29,1
DA:32,2
DA:33,2
DA:35,1
DA:43,1
DA:44,1
DA:46,1
DA:48,6
DA:52,2
DA:53,2
DA:55,2
DA:56,2
DA:58,2
DA:59,2
DA:61,2
DA:62,2
DA:64,1
DA:65,1
DA:67,1
DA:71,1
DA:75,2
DA:76,2
DA:77,2
DA:79,2
DA:81,1
DA:85,1
DA:87,1
DA:89,1
DA:95,1
DA:97,1
DA:99,1
DA:104,3
DA:105,3
DA:106,3
DA:108,3
DA:109,2
DA:110,1
DA:112,1
DA:122,1
DA:123,1
DA:125,1
DA:127,1
DA:129,2
DA:133,2
DA:134,2
DA:135,0
DA:136,0
DA:138,0
DA:139,0
DA:141,2
DA:142,2
DA:144,2
DA:148,2
DA:149,2
DA:150,2
DA:151,2
DA:153,1
DA:155,1
DA:157,1
DA:161,2
DA:162,2
DA:163,2
DA:165,2
DA:166,1
DA:168,1
DA:170,1
DA:174,2
DA:175,2
DA:176,2
DA:178,2
DA:179,1
DA:181,1
DA:183,1
DA:187,2
DA:188,2
DA:189,2
DA:191,2
DA:192,1
DA:194,1
DA:196,1
DA:200,1
DA:201,1
DA:203,1
DA:204,1
DA:206,1
DA:208,0
DA:214,2
DA:215,2
DA:217,2
DA:229,2
DA:230,2
DA:231,2
DA:233,2
DA:239,1
DA:242,0
DA:243,0
DA:244,0
DA:245,0
DA:246,0
DA:248,0
DA:256,0
DA:257,0
DA:259,0
DA:261,2
DA:265,1
DA:266,1
DA:268,1
DA:271,2
DA:272,2
DA:273,2
DA:274,2
DA:276,1
DA:278,1
DA:284,2
DA:285,2
DA:297,2
DA:298,2
DA:299,1
DA:300,1
DA:302,1
DA:308,2
DA:309,2
DA:332,2
DA:333,2
DA:337,1
DA:338,0
DA:340,2
DA:345,1
LF:145
LH:130
BRDA:21,0,0,1
BRDA:21,0,1,6
BRDA:22,1,0,1
BRDA:22,1,1,5
BRDA:23,2,0,1
BRDA:23,2,1,4
BRDA:24,3,0,1
BRDA:24,3,1,3
BRDA:28,4,0,1
BRDA:28,4,1,2
BRDA:33,5,0,1
BRDA:33,5,1,1
BRDA:55,6,0,0
BRDA:55,6,1,2
BRDA:56,7,0,0
BRDA:56,7,1,2
BRDA:59,8,0,0
BRDA:59,8,1,2
BRDA:62,9,0,1
BRDA:62,9,1,1
BRDA:79,10,0,1
BRDA:79,10,1,1
BRDA:108,11,0,1
BRDA:108,11,1,2
BRDA:109,12,0,1
BRDA:109,12,1,1
BRDA:110,13,0,0
BRDA:110,13,1,1
BRDA:134,14,0,0
BRDA:134,14,1,2
BRDA:150,15,0,0
BRDA:150,15,1,2
BRDA:233,16,0,1
BRDA:233,16,1,0
BRDA:234,17,0,2
BRDA:234,17,1,0
BRDA:234,17,2,0
BRDA:234,17,3,0
BRDA:273,18,0,0
BRDA:273,18,1,2
BRDA:298,19,0,1
BRDA:298,19,1,1
BRDA:333,20,0,1
BRDA:333,20,1,1
BRF:44
BRH:33
end_of_record
TN:
SF:helpers\bcrypt.js
FN:3,hashPassword
FN:8,comparePassword
FNF:2
FNH:2
FNDA:3,hashPassword
FNDA:2,comparePassword
DA:1,1
DA:4,3
DA:5,3
DA:9,2
DA:10,2
DA:13,1
LF:6
LH:6
BRF:0
BRH:0
end_of_record
TN:
SF:helpers\jwt.js
FN:4,signToken
FN:9,verifyToken
FNF:2
FNH:2
FNDA:3,signToken
FNDA:23,verifyToken
DA:1,1
DA:2,1
DA:5,3
DA:6,3
DA:10,23
DA:11,23
DA:14,1
LF:7
LH:7
BRF:0
BRH:0
end_of_record
TN:
SF:middlewares\authentication.js
FN:4,(anonymous_0)
FNF:1
FNH:1
FNDA:25,(anonymous_0)
DA:1,1
DA:2,1
DA:4,1
DA:5,25
DA:7,25
DA:8,25
DA:11,24
DA:12,24
DA:15,23
DA:18,23
DA:19,23
DA:21,22
DA:24,22
DA:26,3
DA:30,1
LF:15
LH:15
BRDA:8,0,0,1
BRDA:8,0,1,24
BRDA:12,1,0,1
BRDA:12,1,1,23
BRDA:19,2,0,1
BRDA:19,2,1,22
BRF:6
BRH:6
end_of_record
TN:
SF:middlewares\errHandler.js
FN:1,(anonymous_0)
FNF:1
FNH:1
FNDA:23,(anonymous_0)
DA:1,1
DA:2,23
DA:4,1
DA:5,1
DA:7,1
DA:8,1
DA:10,1
DA:11,1
DA:13,1
DA:14,1
DA:16,1
DA:17,1
DA:19,1
DA:20,1
DA:22,1
DA:23,1
DA:25,1
DA:28,1
DA:30,1
DA:31,1
DA:33,1
DA:34,1
DA:36,3
DA:37,3
DA:40,3
DA:41,3
DA:43,7
DA:44,7
DA:45,7
DA:49,1
LF:30
LH:30
BRDA:2,0,0,1
BRDA:2,0,1,1
BRDA:2,0,2,1
BRDA:2,0,3,1
BRDA:2,0,4,1
BRDA:2,0,5,1
BRDA:2,0,6,1
BRDA:2,0,7,1
BRDA:2,0,8,1
BRDA:2,0,9,1
BRDA:2,0,10,3
BRDA:2,0,11,3
BRDA:2,0,12,3
BRDA:2,0,13,7
BRF:14
BRH:14
end_of_record
TN:
SF:models\favorite.js
FN:5,(anonymous_0)
FN:9,(anonymous_1)
FN:14,(anonymous_2)
FN:47,(anonymous_3)
FNF:4
FNH:3
FNDA:3,(anonymous_0)
FNDA:0,(anonymous_1)
FNDA:1,(anonymous_2)
FNDA:2,(anonymous_3)
DA:1,1
DA:2,1
DA:6,3
DA:10,0
DA:11,0
DA:15,1
DA:41,1
DA:42,1
DA:44,1
DA:48,2
DA:52,1
DA:56,1
LF:12
LH:10
BRF:0
BRH:0
end_of_record
TN:
SF:models\post.js
FN:5,(anonymous_0)
FN:9,(anonymous_1)
FN:14,(anonymous_2)
FN:48,(anonymous_3)
FN:56,(anonymous_4)
FN:64,(anonymous_5)
FNF:6
FNH:6
FNDA:10,(anonymous_0)
FNDA:1,(anonymous_1)
FNDA:2,(anonymous_2)
FNDA:4,(anonymous_3)
FNDA:2,(anonymous_4)
FNDA:1,(anonymous_5)
DA:1,1
DA:2,1
DA:6,10
DA:10,1
DA:11,1
DA:15,2
DA:42,2
DA:43,2
DA:45,2
DA:49,4
DA:53,2
DA:57,2
DA:61,1
DA:65,1
DA:69,1
DA:73,1
LF:16
LH:16
BRF:0
BRH:0
end_of_record
TN:
SF:models\user.js
FN:5,(anonymous_0)
FN:9,(anonymous_1)
FN:16,(anonymous_2)
FN:21,(anonymous_3)
FN:28,(anonymous_4)
FN:37,(anonymous_5)
FNF:6
FNH:6
FNDA:31,(anonymous_0)
FNDA:23,(anonymous_1)
FNDA:1,(anonymous_2)
FNDA:4,(anonymous_3)
FNDA:1,(anonymous_4)
FNDA:3,(anonymous_5)
DA:1,1
DA:2,1
DA:6,31
DA:10,23
DA:13,23
DA:17,1
DA:18,1
DA:22,4
DA:25,4
DA:29,1
DA:34,1
DA:38,3
DA:58,2
DA:59,2
DA:61,2
DA:65,1
LF:16
LH:16
BRF:0
BRH:0
end_of_record
TN:
SF:routes\index.js
FNF:0
FNH:0
DA:1,1
DA:2,1
DA:3,1
DA:4,1
DA:7,1
DA:10,1
DA:11,1
DA:12,1
DA:13,1
DA:14,1
DA:15,1
DA:16,1
DA:17,1
DA:19,1
DA:20,1
DA:21,1
DA:22,1
DA:23,1
DA:24,1
DA:25,1
DA:26,1
DA:28,1
LF:22
LH:22
BRF:0
BRH:0
end_of_record
